31.6254 104.3527 1.0293 0.9459 117.8741 223.4000 42.6667 1.5000 1.5000
31.6394 104.3355 3.0105 1.0344 119.8562 223.4000 40.0000 1.5000 4.5000
31.6538 104.3175 4.8847 0.7737 129.3409 223.4000 37.3333 1.5000 7.5000
31.6688 104.2988 6.6479 0.3669 135.0000 223.4000 34.6667 1.5000 10.5000
31.6843 104.2796 8.2962 0.0881 135.0000 223.4000 32.0000 1.5000 13.5000
31.7002 104.2597 9.8262 0.0000 0.0000 223.4000 29.3333 1.5000 16.5000
31.7166 104.2394 11.2345 0.0000 0.0000 223.4000 26.6667 1.5000 19.5000
31.7333 104.2185 12.5181 0.0000 0.0000 223.4000 24.0000 1.5000 22.5000
31.7504 104.1972 13.6741 0.0000 90.0000 223.4000 21.3333 1.5000 25.5000
31.6058 104.3310 1.0293 1.7012 112.9000 223.4000 42.6667 4.5000 1.5000
31.6197 104.3137 3.0105 1.6386 112.3292 223.4000 40.0000 4.5000 4.5000
31.6342 104.2957 4.8847 1.0952 121.0944 223.4000 37.3333 4.5000 7.5000
31.6492 104.2771 6.6479 0.4704 135.0000 223.4000 34.6667 4.5000 10.5000
31.6647 104.2578 8.2962 0.0948 135.0000 223.4000 32.0000 4.5000 13.5000
31.6806 104.2380 9.8262 0.0000 0.0000 223.4000 29.3333 4.5000 16.5000
31.6969 104.2176 11.2345 0.0000 0.0000 223.4000 26.6667 4.5000 19.5000
31.7137 104.1968 12.5181 0.0000 0.0000 223.4000 24.0000 4.5000 22.5000
31.7307 104.1755 13.6741 0.0000 0.0000 223.4000 21.3333 4.5000 25.5000
31.5862 104.3092 1.0293 2.1371 106.8602 223.4000 42.6667 7.5000 1.5000
31.6001 104.2919 3.0105 2.0349 102.8472 223.4000 40.0000 7.5000 4.5000
31.6146 104.2740 4.8847 1.2734 107.8730 223.4000 37.3333 7.5000 7.5000
31.6296 104.2553 6.6479 0.4625 120.1775 223.4000 34.6667 7.5000 10.5000
31.6450 104.2361 8.2962 0.0624 135.0000 223.4000 32.0000 7.5000 13.5000
31.6610 104.2162 9.8262 0.0000 0.0000 223.4000 29.3333 7.5000 16.5000
31.6773 104.1959 11.2345 0.0000 0.0000 223.4000 26.6667 7.5000 19.5000
31.6940 104.1750 12.5181 0.0000 0.0000 223.4000 24.0000 7.5000 22.5000
31.7111 104.1537 13.6741 0.0000 0.0000 223.4000 21.3333 7.5000 25.5000
31.5666 104.2875 1.0293 2.3386 107.6838 223.4000 42.6667 10.5000 1.5000
31.5805 104.2702 3.0105 2.1677 104.5130 223.4000 40.0000 10.5000 4.5000
31.5950 104.2522 4.8847 1.3488 102.3404 223.4000 37.3333 10.5000 7.5000
31.6099 104.2336 6.6479 0.5106 101.6962 223.4000 34.6667 10.5000 10.5000
31.6254 104.2143 8.2962 0.0797 100.8720 223.4000 32.0000 10.5000 13.5000
31.6413 104.1945 9.8262 0.0000 0.0000 223.4000 29.3333 10.5000 16.5000
31.6577 104.1741 11.2345 0.0000 0.0000 223.4000 26.6667 10.5000 19.5000
31.6744 104.1533 12.5181 0.0000 0.0000 223.4000 24.0000 10.5000 22.5000
31.6914 104.1320 13.6741 0.0000 0.0000 223.4000 21.3333 10.5000 25.5000
31.5470 104.2658 1.0293 2.2964 109.7626 223.4000 42.6667 13.5000 1.5000
31.5609 104.2485 3.0105 1.9587 103.3052 223.4000 40.0000 13.5000 4.5000
31.5753 104.2305 4.8847 1.3391 95.0841 223.4000 37.3333 13.5000 7.5000
31.5903 104.2118 6.6479 0.6980 90.0000 223.4000 34.6667 13.5000 10.5000
31.6058 104.1926 8.2962 0.2506 90.0000 223.4000 32.0000 13.5000 13.5000
31.6217 104.1728 9.8262 0.0493 90.0000 223.4000 29.3333 13.5000 16.5000
31.6380 104.1524 11.2345 0.0000 0.0000 223.4000 26.6667 13.5000 19.5000
31.6547 104.1315 12.5181 0.0000 0.0000 223.4000 24.0000 13.5000 22.5000
31.6718 104.1102 13.6741 0.0000 0.0000 223.4000 21.3333 13.5000 25.5000
31.5274 104.2440 1.0293 2.1394 113.0288 223.4000 42.6667 16.5000 1.5000
31.5413 104.2267 3.0105 1.8402 102.8405 223.4000 40.0000 16.5000 4.5000
31.5557 104.2088 4.8847 1.4881 92.5137 223.4000 37.3333 16.5000 7.5000
31.5707 104.1901 6.6479 0.9992 90.0000 223.4000 34.6667 16.5000 10.5000
31.5861 104.1709 8.2962 0.5128 90.0000 223.4000 32.0000 16.5000 13.5000
31.6021 104.1510 9.8262 0.1803 90.0000 223.4000 29.3333 16.5000 16.5000
31.6184 104.1307 11.2345 0.0290 90.0000 223.4000 26.6667 16.5000 19.5000
31.6351 104.1098 12.5181 0.0000 0.0000 223.4000 24.0000 16.5000 22.5000
31.6522 104.0885 13.6741 0.0000 0.0000 223.4000 21.3333 16.5000 25.5000
31.5077 104.2223 1.0293 2.1520 114.7912 223.4000 42.6667 19.5000 1.5000
31.5216 104.2050 3.0105 1.9455 106.5832 223.4000 40.0000 19.5000 4.5000
31.5361 104.1870 4.8847 1.6860 97.4414 223.4000 37.3333 19.5000 7.5000
31.5510 104.1684 6.6479 1.2451 92.1575 223.4000 34.6667 19.5000 10.5000
31.5665 104.1491 8.2962 0.7299 90.0000 223.4000 32.0000 19.5000 13.5000
31.5824 104.1293 9.8262 0.3123 90.0000 223.4000 29.3333 19.5000 16.5000
31.5987 104.1090 11.2345 0.0753 90.0000 223.4000 26.6667 19.5000 19.5000
31.6154 104.0881 12.5181 0.0000 0.0000 223.4000 24.0000 19.5000 22.5000
31.6325 104.0668 13.6741 0.0000 0.0000 223.4000 21.3333 19.5000 25.5000
31.4881 104.2006 1.0293 2.3248 115.0819 223.4000 42.6667 22.5000 1.5000
31.5020 104.1833 3.0105 2.1241 109.9836 223.4000 40.0000 22.5000 4.5000
31.5164 104.1653 4.8847 1.7962 103.5587 223.4000 37.3333 22.5000 7.5000
31.5314 104.1467 6.6479 1.3263 97.2529 223.4000 34.6667 22.5000 10.5000
31.5469 104.1274 8.2962 0.8089 92.1933 223.4000 32.0000 22.5000 13.5000
31.5628 104.1076 9.8262 0.3742 90.0000 223.4000 29.3333 22.5000 16.5000
31.5791 104.0873 11.2345 0.1037 90.0000 223.4000 26.6667 22.5000 19.5000
31.5958 104.0664 12.5181 0.0005 90.0000 223.4000 24.0000 22.5000 22.5000
31.6128 104.0451 13.6741 0.0000 0.0000 223.4000 21.3333 22.5000 25.5000
31.4685 104.1789 1.0293 2.4421 114.7872 223.4000 42.6667 25.5000 1.5000
31.4824 104.1616 3.0105 2.2359 112.0079 223.4000 40.0000 25.5000 4.5000
31.4968 104.1436 4.8847 1.8107 107.8893 223.4000 37.3333 25.5000 7.5000
31.5118 104.1250 6.6479 1.2819 102.3804 223.4000 34.6667 25.5000 10.5000
31.5272 104.1057 8.2962 0.7647 95.9801 223.4000 32.0000 25.5000 13.5000
31.5431 104.0859 9.8262 0.3541 90.0045 223.4000 29.3333 25.5000 16.5000
31.5594 104.0656 11.2345 0.0999 90.0000 223.4000 26.6667 25.5000 19.5000
31.5761 104.0447 12.5181 0.0007 90.0000 223.4000 24.0000 25.5000 22.5000
31.5932 104.0234 13.6741 0.0000 0.0000 223.4000 21.3333 25.5000 25.5000
31.4488 104.1572 1.0293 2.5424 114.4405 223.4000 42.6667 28.5000 1.5000
31.4627 104.1399 3.0105 2.2576 113.1644 223.4000 40.0000 28.5000 4.5000
31.4772 104.1219 4.8847 1.7602 110.6622 223.4000 37.3333 28.5000 7.5000
31.4921 104.1033 6.6479 1.1855 106.6728 223.4000 34.6667 28.5000 10.5000
31.5076 104.0841 8.2962 0.6650 100.8130 223.4000 32.0000 28.5000 13.5000
31.5235 104.0642 9.8262 0.2856 93.2563 223.4000 29.3333 28.5000 16.5000
31.5398 104.0439 11.2345 0.0724 90.0000 223.4000 26.6667 28.5000 19.5000
31.5565 104.0230 12.5181 0.0000 0.0000 223.4000 24.0000 28.5000 22.5000
31.5735 104.0017 13.6741 0.0000 0.0000 223.4000 21.3333 28.5000 25.5000
31.4292 104.1355 1.0293 2.6152 114.4522 223.4000 42.6667 31.5000 1.5000
31.4431 104.1182 3.0105 2.2630 113.6703 223.4000 40.0000 31.5000 4.5000
31.4575 104.1003 4.8847 1.7012 112.2573 223.4000 37.3333 31.5000 7.5000
31.4725 104.0816 6.6479 1.0894 109.8769 223.4000 34.6667 31.5000 10.5000
31.4879 104.0624 8.2962 0.5648 105.8567 223.4000 32.0000 31.5000 13.5000
31.5038 104.0426 9.8262 0.2103 99.1077 223.4000 29.3333 31.5000 16.5000
31.5201 104.0222 11.2345 0.0387 90.0000 223.4000 26.6667 31.5000 19.5000
31.5368 104.0013 12.5181 0.0000 0.0000 223.4000 24.0000 31.5000 22.5000
31.5539 103.9801 13.6741 0.0000 0.0000 223.4000 21.3333 31.5000 25.5000
31.4096 104.1139 1.0293 2.6361 114.3671 223.4000 42.6667 34.5000 1.5000
31.4234 104.0966 3.0105 2.2514 113.8774 223.4000 40.0000 34.5000 4.5000
31.4379 104.0786 4.8847 1.6495 113.0514 223.4000 37.3333 34.5000 7.5000
31.4528 104.0600 6.6479 1.0144 111.7756 223.4000 34.6667 34.5000 10.5000
31.4683 104.0407 8.2962 0.4892 109.6381 223.4000 32.0000 34.5000 13.5000
31.4841 104.0209 9.8262 0.1534 105.4789 223.4000 29.3333 34.5000 16.5000
31.5005 104.0005 11.2345 0.0124 90.0000 223.4000 26.6667 34.5000 19.5000
31.5171 103.9797 12.5181 0.0000 0.0000 223.4000 24.0000 34.5000 22.5000
31.5342 103.9584 13.6741 0.0000 0.0000 223.4000 21.3333 34.5000 25.5000
31.3899 104.0922 1.0293 2.5853 114.3967 223.4000 42.6667 37.5000 1.5000
31.4038 104.0749 3.0105 2.1981 113.8578 223.4000 40.0000 37.5000 4.5000
31.4182 104.0569 4.8847 1.5950 113.1181 223.4000 37.3333 37.5000 7.5000
31.4332 104.0383 6.6479 0.9619 112.1453 223.4000 34.6667 37.5000 10.5000
31.4486 104.0191 8.2962 0.4444 110.7230 223.4000 32.0000 37.5000 13.5000
31.4645 103.9992 9.8262 0.1227 108.2860 223.4000 29.3333 37.5000 16.5000
31.4808 103.9789 11.2345 0.0000 0.0000 223.4000 26.6667 37.5000 19.5000
31.4975 103.9580 12.5181 0.0000 0.0000 223.4000 24.0000 37.5000 22.5000
31.5145 103.9367 13.6741 0.0000 0.0000 223.4000 21.3333 37.5000 25.5000
31.3703 104.0706 1.0293 2.4436 113.9818 223.4000 42.6667 40.5000 1.5000
31.3841 104.0533 3.0105 2.0981 113.2893 223.4000 40.0000 40.5000 4.5000
31.3986 104.0353 4.8847 1.5370 112.2605 223.4000 37.3333 40.5000 7.5000
31.4135 104.0167 6.6479 0.9355 110.7760 223.4000 34.6667 40.5000 10.5000
31.4289 103.9974 8.2962 0.4362 108.4103 223.4000 32.0000 40.5000 13.5000
31.4448 103.9776 9.8262 0.1217 104.0553 223.4000 29.3333 40.5000 16.5000
31.4611 103.9572 11.2345 0.0000 0.0000 223.4000 26.6667 40.5000 19.5000
31.4778 103.9364 12.5181 0.0000 0.0000 223.4000 24.0000 40.5000 22.5000
31.4948 103.9151 13.6741 0.0000 0.0000 223.4000 21.3333 40.5000 25.5000
31.3506 104.0489 1.0293 2.2865 112.6447 223.4000 42.6667 43.5000 1.5000
31.3645 104.0316 3.0105 1.9917 111.8027 223.4000 40.0000 43.5000 4.5000
31.3789 104.0136 4.8847 1.4992 110.1953 223.4000 37.3333 43.5000 7.5000
31.3938 103.9950 6.6479 0.9523 107.5802 223.4000 34.6667 43.5000 10.5000
31.4093 103.9758 8.2962 0.4808 103.2794 223.4000 32.0000 43.5000 13.5000
31.4251 103.9559 9.8262 0.1650 96.0702 223.4000 29.3333 43.5000 16.5000
31.4414 103.9356 11.2345 0.0196 90.0000 223.4000 26.6667 43.5000 19.5000
31.4581 103.9147 12.5181 0.0000 0.0000 223.4000 24.0000 43.5000 22.5000
31.4751 103.8934 13.6741 0.0000 0.0000 223.4000 21.3333 43.5000 25.5000
31.3309 104.0273 1.0293 2.1980 110.8578 223.4000 42.6667 46.5000 1.5000
31.3448 104.0100 3.0105 1.9475 109.6232 223.4000 40.0000 46.5000 4.5000
31.3592 103.9920 4.8847 1.5238 107.0850 223.4000 37.3333 46.5000 7.5000
31.3742 103.9734 6.6479 1.0412 103.0982 223.4000 34.6667 46.5000 10.5000
31.3896 103.9541 8.2962 0.6038 97.5805 223.4000 32.0000 46.5000 13.5000
31.4055 103.9343 9.8262 0.2779 91.2382 223.4000 29.3333 46.5000 16.5000
31.4218 103.9139 11.2345 0.0828 90.0000 223.4000 26.6667 46.5000 19.5000
31.4384 103.8931 12.5181 0.0044 90.0000 223.4000 24.0000 46.5000 22.5000
31.4555 103.8718 13.6741 0.0000 0.0000 223.4000 21.3333 46.5000 25.5000
31.3113 104.0056 1.0293 2.2136 110.1345 223.4000 42.6667 49.5000 1.5000
31.3251 103.9884 3.0105 1.9978 107.9108 223.4000 40.0000 49.5000 4.5000
31.3396 103.9704 4.8847 1.6407 103.8288 223.4000 37.3333 49.5000 7.5000
31.3545 103.9518 6.6479 1.2281 98.6371 223.4000 34.6667 49.5000 10.5000
31.3699 103.9325 8.2962 0.8265 93.4521 223.4000 32.0000 49.5000 13.5000
31.3858 103.9127 9.8262 0.4823 90.0000 223.4000 29.3333 49.5000 16.5000
31.4021 103.8923 11.2345 0.2246 90.0000 223.4000 26.6667 49.5000 19.5000
31.4188 103.8715 12.5181 0.0683 90.0000 223.4000 24.0000 49.5000 22.5000
31.4358 103.8502 13.6741 0.0057 90.0000 223.4000 21.3333 49.5000 25.5000
31.2916 103.9840 1.0293 2.3325 111.0259 223.4000 42.6667 52.5000 1.5000
31.3055 103.9667 3.0105 2.1398 107.2629 223.4000 40.0000 52.5000 4.5000
31.3199 103.9488 4.8847 1.8535 101.3760 223.4000 37.3333 52.5000 7.5000
31.3348 103.9301 6.6479 1.5164 95.4692 223.4000 34.6667 52.5000 10.5000
31.3502 103.9109 8.2962 1.1504 91.2816 223.4000 32.0000 52.5000 13.5000
31.3661 103.8911 9.8262 0.7847 90.0000 223.4000 29.3333 52.5000 16.5000
31.3824 103.8707 11.2345 0.4598 90.0000 223.4000 26.6667 52.5000 19.5000
31.3991 103.8499 12.5181 0.2135 90.0000 223.4000 24.0000 52.5000 22.5000
31.4161 103.8286 13.6741 0.0659 90.0000 223.4000 21.3333 52.5000 25.5000
31.2719 103.9624 1.0293 2.5092 113.0455 223.4000 42.6667 55.5000 1.5000
31.2858 103.9451 3.0105 2.3515 107.5552 223.4000 40.0000 55.5000 4.5000
31.3002 103.9272 4.8847 2.1391 100.2187 223.4000 37.3333 55.5000 7.5000
31.3151 103.9085 6.6479 1.8752 94.0125 223.4000 34.6667 55.5000 10.5000
31.3306 103.8893 8.2962 1.5467 90.5004 223.4000 32.0000 55.5000 13.5000
31.3464 103.8695 9.8262 1.1668 90.0000 223.4000 29.3333 55.5000 16.5000
31.3627 103.8491 11.2345 0.7794 90.0000 223.4000 26.6667 55.5000 19.5000
31.3794 103.8283 12.5181 0.4369 90.0000 223.4000 24.0000 55.5000 22.5000
31.3964 103.8070 13.6741 0.1779 90.0000 223.4000 21.3333 55.5000 25.5000
31.2523 103.9408 1.0293 2.7518 114.2346 223.4000 42.6667 58.5000 1.5000
31.2661 103.9235 3.0105 2.6035 108.3372 223.4000 40.0000 58.5000 4.5000
31.2805 103.9056 4.8847 2.4367 100.2197 223.4000 37.3333 58.5000 7.5000
31.2955 103.8869 6.6479 2.2398 93.6949 223.4000 34.6667 58.5000 10.5000
31.3109 103.8677 8.2962 1.9610 90.3655 223.4000 32.0000 58.5000 13.5000
31.3267 103.8479 9.8262 1.5881 90.0000 223.4000 29.3333 58.5000 16.5000
31.3430 103.8275 11.2345 1.1569 90.0000 223.4000 26.6667 58.5000 19.5000
31.3597 103.8067 12.5181 0.7210 90.0000 223.4000 24.0000 58.5000 22.5000
31.3767 103.7854 13.6741 0.3303 90.0000 223.4000 21.3333 58.5000 25.5000
31.2326 103.9192 1.0293 3.0002 114.8535 223.4000 42.6667 61.5000 1.5000
31.2464 103.9020 3.0105 2.8047 108.9956 223.4000 40.0000 61.5000 4.5000
31.2608 103.8840 4.8847 2.6586 100.2688 223.4000 37.3333 61.5000 7.5000
31.2758 103.8653 6.6479 2.5411 93.3601 223.4000 34.6667 61.5000 10.5000
31.2912 103.8461 8.2962 2.3373 90.2248 223.4000 32.0000 61.5000 13.5000
31.3070 103.8263 9.8262 2.0038 90.0000 223.4000 29.3333 61.5000 16.5000
31.3233 103.8059 11.2345 1.5587 90.0000 223.4000 26.6667 61.5000 19.5000
31.3400 103.7851 12.5181 1.0435 90.0000 223.4000 24.0000 61.5000 22.5000
31.3570 103.7638 13.6741 0.5111 90.0000 223.4000 21.3333 61.5000 25.5000
31.2129 103.8977 1.0293 3.0898 111.8533 223.4000 42.6667 64.5000 1.5000
31.2268 103.8804 3.0105 2.8840 107.6299 223.4000 40.0000 64.5000 4.5000
31.2412 103.8624 4.8847 2.7724 98.9620 223.4000 37.3333 64.5000 7.5000
31.2561 103.8438 6.6479 2.7493 92.1896 223.4000 34.6667 64.5000 10.5000
31.2715 103.8245 8.2962 2.6411 90.0000 223.4000 32.0000 64.5000 13.5000
31.2873 103.8047 9.8262 2.3755 90.0000 223.4000 29.3333 64.5000 16.5000
31.3036 103.7843 11.2345 1.9463 90.0000 223.4000 26.6667 64.5000 19.5000
31.3203 103.7635 12.5181 1.3720 90.0000 223.4000 24.0000 64.5000 22.5000
31.3373 103.7422 13.6741 0.7022 90.0000 223.4000 21.3333 64.5000 25.5000
31.1932 103.8761 1.0293 3.0349 113.7649 223.4000 42.6667 67.5000 1.5000
31.2071 103.8588 3.0105 2.8496 106.8085 223.4000 40.0000 67.5000 4.5000
31.2215 103.8408 4.8847 2.8030 97.1788 223.4000 37.3333 67.5000 7.5000
31.2364 103.8222 6.6479 2.8706 91.0398 223.4000 34.6667 67.5000 10.5000
31.2518 103.8030 8.2962 2.8484 90.0000 223.4000 32.0000 67.5000 13.5000
31.2676 103.7831 9.8262 2.6567 90.0000 223.4000 29.3333 67.5000 16.5000
31.2839 103.7628 11.2345 2.2621 90.0000 223.4000 26.6667 67.5000 19.5000
31.3006 103.7419 12.5181 1.6533 90.0000 223.4000 24.0000 67.5000 22.5000
31.3176 103.7207 13.6741 0.8712 90.0000 223.4000 21.3333 67.5000 25.5000
31.1735 103.8545 1.0293 2.8250 117.2726 223.4000 42.6667 70.5000 1.5000
31.1874 103.8372 3.0105 2.7191 109.0439 223.4000 40.0000 70.5000 4.5000
31.2018 103.8193 4.8847 2.7492 99.3451 223.4000 37.3333 70.5000 7.5000
31.2167 103.8006 6.6479 2.8655 93.2365 223.4000 34.6667 70.5000 10.5000
31.2321 103.7814 8.2962 2.8969 90.9409 223.4000 32.0000 70.5000 13.5000
31.2479 103.7616 9.8262 2.7705 90.3224 223.4000 29.3333 70.5000 16.5000
31.2642 103.7412 11.2345 2.4232 90.2924 223.4000 26.6667 70.5000 19.5000
31.2809 103.7204 12.5181 1.8138 90.3967 223.4000 24.0000 70.5000 22.5000
31.2979 103.6991 13.6741 0.9734 90.4330 223.4000 21.3333 70.5000 25.5000
31.1538 103.8330 1.0293 2.5805 118.8550 223.4000 42.6667 73.5000 1.5000
31.1677 103.8157 3.0105 2.5280 114.7609 223.4000 40.0000 73.5000 4.5000
31.1821 103.7977 4.8847 2.5703 107.4253 223.4000 37.3333 73.5000 7.5000
31.1970 103.7791 6.6479 2.6792 101.2959 223.4000 34.6667 73.5000 10.5000
31.2124 103.7598 8.2962 2.7276 97.6613 223.4000 32.0000 73.5000 13.5000
31.2282 103.7400 9.8262 2.6512 95.8426 223.4000 29.3333 73.5000 16.5000
31.2445 103.7197 11.2345 2.3599 95.0755 223.4000 26.6667 73.5000 19.5000
31.2611 103.6988 12.5181 1.7920 94.8035 223.4000 24.0000 73.5000 22.5000
31.2781 103.6775 13.6741 0.9715 94.7235 223.4000 21.3333 73.5000 25.5000
31.1341 103.8114 1.0293 2.2405 122.3459 223.4000 42.6667 76.5000 1.5000
31.1480 103.7941 3.0105 2.2322 121.0681 223.4000 40.0000 76.5000 4.5000
31.1624 103.7762 4.8847 2.2908 117.6491 223.4000 37.3333 76.5000 7.5000
31.1773 103.7575 6.6479 2.3734 113.3343 223.4000 34.6667 76.5000 10.5000
31.1927 103.7383 8.2962 2.4080 109.4750 223.4000 32.0000 76.5000 13.5000
31.2085 103.7185 9.8262 2.3427 106.4687 223.4000 29.3333 76.5000 16.5000
31.2248 103.6981 11.2345 2.0906 104.4101 223.4000 26.6667 76.5000 19.5000
31.2414 103.6773 12.5181 1.5922 103.2106 223.4000 24.0000 76.5000 22.5000
31.2584 103.6560 13.6741 0.8656 102.6866 223.4000 21.3333 76.5000 25.5000
31.1144 103.7899 1.0293 1.7563 124.9365 223.4000 42.6667 79.5000 1.5000
31.1283 103.7726 3.0105 1.8103 125.8816 223.4000 40.0000 79.5000 4.5000
31.1427 103.7546 4.8847 1.9177 126.4557 223.4000 37.3333 79.5000 7.5000
31.1576 103.7360 6.6479 2.0072 125.2871 223.4000 34.6667 79.5000 10.5000
31.1730 103.7168 8.2962 2.0232 122.6171 223.4000 32.0000 79.5000 13.5000
31.1888 103.6969 9.8262 1.9348 119.3397 223.4000 29.3333 79.5000 16.5000
31.2051 103.6766 11.2345 1.6969 116.4034 223.4000 26.6667 79.5000 19.5000
31.2217 103.6558 12.5181 1.2772 114.3827 223.4000 24.0000 79.5000 22.5000
31.2387 103.6345 13.6741 0.6899 113.3991 223.4000 21.3333 79.5000 25.5000
31.0947 103.7684 1.0293 1.1385 122.8287 223.4000 42.6667 82.5000 1.5000
31.1086 103.7511 3.0105 1.2602 128.3583 223.4000 40.0000 82.5000 4.5000
31.1230 103.7331 4.8847 1.4321 132.5152 223.4000 37.3333 82.5000 7.5000
31.1379 103.7145 6.6479 1.5400 133.4800 223.4000 34.6667 82.5000 10.5000
31.1533 103.6952 8.2962 1.5462 132.3513 223.4000 32.0000 82.5000 13.5000
31.1691 103.6754 9.8262 1.4495 130.1780 223.4000 29.3333 82.5000 16.5000
31.1853 103.6551 11.2345 1.2409 127.8871 223.4000 26.6667 82.5000 19.5000
31.2020 103.6342 12.5181 0.9150 126.1469 223.4000 24.0000 82.5000 22.5000
31.2190 103.6130 13.6741 0.4875 125.2743 223.4000 21.3333 82.5000 25.5000
31.0750 103.7468 1.0293 0.4837 111.8694 223.4000 42.6667 85.5000 1.5000
31.0889 103.7296 3.0105 0.6629 128.3786 223.4000 40.0000 85.5000 4.5000
31.1033 103.7116 4.8847 0.8589 135.0000 223.4000 37.3333 85.5000 7.5000
31.1182 103.6930 6.6479 0.9505 135.0000 223.4000 34.6667 85.5000 10.5000
31.1335 103.6737 8.2962 0.9597 135.0000 223.4000 32.0000 85.5000 13.5000
31.1494 103.6539 9.8262 0.8985 135.0000 223.4000 29.3333 85.5000 16.5000
31.1656 103.6336 11.2345 0.7620 135.0000 223.4000 26.6667 85.5000 19.5000
31.1823 103.6127 12.5181 0.5532 135.0000 223.4000 24.0000 85.5000 22.5000
31.1992 103.5914 13.6741 0.2897 135.0000 223.4000 21.3333 85.5000 25.5000
31.0553 103.7253 1.0293 0.0181 90.0000 223.4000 42.6667 88.5000 1.5000
31.0692 103.7081 3.0105 0.1940 135.0000 223.4000 40.0000 88.5000 4.5000
31.0835 103.6901 4.8847 0.3070 135.0000 223.4000 37.3333 88.5000 7.5000
31.0984 103.6715 6.6479 0.3654 135.0000 223.4000 34.6667 88.5000 10.5000
31.1138 103.6522 8.2962 0.4002 135.0000 223.4000 32.0000 88.5000 13.5000
31.1296 103.6324 9.8262 0.3950 135.0000 223.4000 29.3333 88.5000 16.5000
31.1459 103.6121 11.2345 0.3401 135.0000 223.4000 26.6667 88.5000 19.5000
31.1625 103.5912 12.5181 0.2434 135.0000 223.4000 24.0000 88.5000 22.5000
31.1795 103.5699 13.6741 0.1232 135.0000 223.4000 21.3333 88.5000 25.5000
31.0356 103.7038 1.0293 0.0234 135.0000 223.4000 42.6667 91.5000 1.5000
31.0494 103.6866 3.0105 0.0000 0.0000 223.4000 40.0000 91.5000 4.5000
31.0638 103.6686 4.8847 0.0000 0.0000 223.4000 37.3333 91.5000 7.5000
31.0787 103.6500 6.6479 0.0203 135.0000 223.4000 34.6667 91.5000 10.5000
31.0941 103.6307 8.2962 0.0635 135.0000 223.4000 32.0000 91.5000 13.5000
31.1099 103.6109 9.8262 0.0852 135.0000 223.4000 29.3333 91.5000 16.5000
31.1262 103.5906 11.2345 0.0790 135.0000 223.4000 26.6667 91.5000 19.5000
31.1428 103.5697 12.5181 0.0541 135.0000 223.4000 24.0000 91.5000 22.5000
31.1598 103.5484 13.6741 0.0238 135.0000 223.4000 21.3333 91.5000 25.5000
31.0159 103.6823 1.0293 0.2929 135.0000 223.4000 42.6667 94.5000 1.5000
31.0297 103.6651 3.0105 0.1119 135.0000 223.4000 40.0000 94.5000 4.5000
31.0441 103.6471 4.8847 0.0000 0.0000 223.4000 37.3333 94.5000 7.5000
31.0590 103.6285 6.6479 0.0000 0.0000 223.4000 34.6667 94.5000 10.5000
31.0744 103.6092 8.2962 0.0000 90.0000 223.4000 32.0000 94.5000 13.5000
31.0902 103.5894 9.8262 0.0000 0.0000 223.4000 29.3333 94.5000 16.5000
31.1064 103.5691 11.2345 0.0000 0.0000 223.4000 26.6667 94.5000 19.5000
31.1230 103.5482 12.5181 0.0000 0.0000 223.4000 24.0000 94.5000 22.5000
31.1400 103.5270 13.6741 0.0000 0.0000 223.4000 21.3333 94.5000 25.5000
30.9962 103.6609 1.0293 0.6078 134.9999 223.4000 42.6667 97.5000 1.5000
31.0100 103.6436 3.0105 0.4102 134.3724 223.4000 40.0000 97.5000 4.5000
31.0244 103.6256 4.8847 0.1870 135.0000 223.4000 37.3333 97.5000 7.5000
31.0393 103.6070 6.6479 0.0556 135.0000 223.4000 34.6667 97.5000 10.5000
31.0546 103.5878 8.2962 0.0000 0.0000 223.4000 32.0000 97.5000 13.5000
31.0704 103.5679 9.8262 0.0000 0.0000 223.4000 29.3333 97.5000 16.5000
31.0867 103.5476 11.2345 0.0000 0.0000 223.4000 26.6667 97.5000 19.5000
31.1033 103.5268 12.5181 0.0000 0.0000 223.4000 24.0000 97.5000 22.5000
31.1203 103.5055 13.6741 0.0000 0.0000 223.4000 21.3333 97.5000 25.5000
30.9765 103.6394 1.0293 0.8166 129.9495 223.4000 42.6667 100.5000 1.5000
30.9903 103.6221 3.0105 0.6596 130.8333 223.4000 40.0000 100.5000 4.5000
31.0046 103.6041 4.8847 0.4293 133.2328 223.4000 37.3333 100.5000 7.5000
31.0195 103.5855 6.6479 0.2103 135.0000 223.4000 34.6667 100.5000 10.5000
31.0349 103.5663 8.2962 0.0582 135.0000 223.4000 32.0000 100.5000 13.5000
31.0507 103.5465 9.8262 0.0000 135.0000 223.4000 29.3333 100.5000 16.5000
31.0669 103.5261 11.2345 0.0000 0.0000 223.4000 26.6667 100.5000 19.5000
31.0836 103.5053 12.5181 0.0000 0.0000 223.4000 24.0000 100.5000 22.5000
31.1005 103.4840 13.6741 0.0000 0.0000 223.4000 21.3333 100.5000 25.5000
30.9567 103.6179 1.0293 0.8431 120.6251 223.4000 42.6667 103.5000 1.5000
30.9705 103.6007 3.0105 0.7522 123.2010 223.4000 40.0000 103.5000 4.5000
30.9849 103.5827 4.8847 0.5647 128.6044 223.4000 37.3333 103.5000 7.5000
30.9998 103.5641 6.6479 0.3156 135.0000 223.4000 34.6667 103.5000 10.5000
31.0152 103.5448 8.2962 0.0998 135.0000 223.4000 32.0000 103.5000 13.5000
31.0310 103.5250 9.8262 0.0000 0.0000 223.4000 29.3333 103.5000 16.5000
31.0472 103.5047 11.2345 0.0000 0.0000 223.4000 26.6667 103.5000 19.5000
31.0638 103.4838 12.5181 0.0000 0.0000 223.4000 24.0000 103.5000 22.5000
31.0808 103.4625 13.6741 0.0000 90.0000 223.4000 21.3333 103.5000 25.5000
30.9370 103.5965 1.0293 0.7064 107.2116 223.4000 42.6667 106.5000 1.5000
30.9508 103.5792 3.0105 0.6560 112.7114 223.4000 40.0000 106.5000 4.5000
30.9652 103.5612 4.8847 0.5064 119.8616 223.4000 37.3333 106.5000 7.5000
30.9800 103.5426 6.6479 0.2759 130.0613 223.4000 34.6667 106.5000 10.5000
30.9954 103.5234 8.2962 0.0794 135.0000 223.4000 32.0000 106.5000 13.5000
31.0112 103.5036 9.8262 0.0000 0.0000 223.4000 29.3333 106.5000 16.5000
31.0274 103.4832 11.2345 0.0000 0.0000 223.4000 26.6667 106.5000 19.5000
31.0441 103.4624 12.5181 0.0000 0.0000 223.4000 24.0000 106.5000 22.5000
31.0610 103.4411 13.6741 0.0000 0.0000 223.4000 21.3333 106.5000 25.5000
30.9173 103.5750 1.0293 0.4312 98.1075 223.4000 42.6667 109.5000 1.5000
30.9311 103.5578 3.0105 0.3911 102.6916 223.4000 40.0000 109.5000 4.5000
30.9454 103.5398 4.8847 0.2973 108.2898 223.4000 37.3333 109.5000 7.5000
30.9603 103.5212 6.6479 0.1495 117.9515 223.4000 34.6667 109.5000 10.5000
30.9757 103.5019 8.2962 0.0335 135.0000 223.4000 32.0000 109.5000 13.5000
30.9915 103.4821 9.8262 0.0000 0.0000 223.4000 29.3333 109.5000 16.5000
31.0077 103.4618 11.2345 0.0000 0.0000 223.4000 26.6667 109.5000 19.5000
31.0243 103.4409 12.5181 0.0000 0.0000 223.4000 24.0000 109.5000 22.5000
31.0412 103.4197 13.6741 0.0000 0.0000 223.4000 21.3333 109.5000 25.5000
