32.1560 104.7811 1.0699 2.7258 134.7363 221.1000 45.0000 1.5000 1.5000
32.1688 104.7638 3.1537 2.3839 138.9793 221.1000 43.0000 1.5000 4.5000
32.1820 104.7460 5.1610 1.8081 143.3541 221.1000 41.0000 1.5000 7.5000
32.1956 104.7276 7.0893 1.2346 148.0282 221.1000 39.0000 1.5000 10.5000
32.2095 104.7086 8.9362 0.7783 154.6949 221.1000 37.0000 1.5000 13.5000
32.2238 104.6892 10.6994 0.4694 164.6102 221.1000 35.0000 1.5000 16.5000
32.2385 104.6692 12.3769 0.2850 175.6315 221.1000 33.0000 1.5000 19.5000
32.2535 104.6488 13.9666 0.1767 180.0000 221.1000 31.0000 1.5000 22.5000
32.2689 104.6280 15.4665 0.1101 172.9983 221.1000 29.0000 1.5000 25.5000
32.2845 104.6067 16.8749 0.0826 142.5958 221.1000 27.0000 1.5000 28.5000
32.3004 104.5850 18.1899 0.0929 113.1349 221.1000 25.0000 1.5000 31.5000
32.3166 104.5630 19.4101 0.0974 100.6778 221.1000 23.0000 1.5000 34.5000
32.3330 104.5407 20.5338 0.0667 96.3458 221.1000 21.0000 1.5000 37.5000
32.1357 104.7602 1.0699 4.5962 138.4791 221.1000 45.0000 4.5000 1.5000
32.1485 104.7429 3.1537 3.9872 138.4050 221.1000 43.0000 4.5000 4.5000
32.1616 104.7250 5.1610 3.1067 139.4059 221.1000 41.0000 4.5000 7.5000
32.1752 104.7066 7.0893 2.1899 141.6232 221.1000 39.0000 4.5000 10.5000
32.1892 104.6877 8.9362 1.4083 145.5895 221.1000 37.0000 4.5000 13.5000
32.2035 104.6682 10.6994 0.8387 152.1890 221.1000 35.0000 4.5000 16.5000
32.2182 104.6483 12.3769 0.4785 161.0212 221.1000 33.0000 4.5000 19.5000
32.2332 104.6279 13.9666 0.2726 167.3197 221.1000 31.0000 4.5000 22.5000
32.2485 104.6070 15.4665 0.1607 160.0468 221.1000 29.0000 4.5000 25.5000
32.2641 104.5858 16.8749 0.1268 129.8286 221.1000 27.0000 4.5000 28.5000
32.2800 104.5641 18.1899 0.1490 105.2305 221.1000 25.0000 4.5000 31.5000
32.2962 104.5421 19.4101 0.1552 95.7257 221.1000 23.0000 4.5000 34.5000
32.3126 104.5198 20.5338 0.1046 92.4076 221.1000 21.0000 4.5000 37.5000
32.1154 104.7392 1.0699 5.6310 136.8585 221.1000 45.0000 7.5000 1.5000
32.1281 104.7220 3.1537 5.0198 135.5534 221.1000 43.0000 7.5000 4.5000
32.1413 104.7041 5.1610 4.0396 134.2786 221.1000 41.0000 7.5000 7.5000
32.1549 104.6857 7.0893 2.9568 133.8544 221.1000 39.0000 7.5000 10.5000
32.1688 104.6668 8.9362 1.9698 134.5357 221.1000 37.0000 7.5000 13.5000
32.1831 104.6473 10.6994 1.1935 136.4125 221.1000 35.0000 7.5000 16.5000
32.1978 104.6274 12.3769 0.6599 139.2189 221.1000 33.0000 7.5000 19.5000
32.2128 104.6070 13.9666 0.3414 140.6817 221.1000 31.0000 7.5000 22.5000
32.2282 104.5861 15.4665 0.1864 132.4651 221.1000 29.0000 7.5000 25.5000
32.2438 104.5648 16.8749 0.1499 110.4196 221.1000 27.0000 7.5000 28.5000
32.2597 104.5432 18.1899 0.1695 95.9281 221.1000 25.0000 7.5000 31.5000
32.2758 104.5212 19.4101 0.1705 91.1187 221.1000 23.0000 7.5000 34.5000
32.2922 104.4988 20.5338 0.1132 90.0000 221.1000 21.0000 7.5000 37.5000
32.0950 104.7183 1.0699 6.1796 136.6821 221.1000 45.0000 10.5000 1.5000
32.1078 104.7010 3.1537 5.6381 133.4392 221.1000 43.0000 10.5000 4.5000
32.1209 104.6832 5.1610 4.7188 130.1571 221.1000 41.0000 10.5000 7.5000
32.1345 104.6648 7.0893 3.6076 127.7373 221.1000 39.0000 10.5000 10.5000
32.1485 104.6458 8.9362 2.5199 125.7902 221.1000 37.0000 10.5000 13.5000
32.1628 104.6264 10.6994 1.6023 123.7933 221.1000 35.0000 10.5000 16.5000
32.1775 104.6064 12.3769 0.9206 121.0022 221.1000 33.0000 10.5000 19.5000
32.1925 104.5860 13.9666 0.4818 115.8167 221.1000 31.0000 10.5000 22.5000
32.2078 104.5652 15.4665 0.2545 105.8513 221.1000 29.0000 10.5000 25.5000
32.2234 104.5439 16.8749 0.1760 94.5758 221.1000 27.0000 10.5000 28.5000
32.2393 104.5223 18.1899 0.1650 90.0000 221.1000 25.0000 10.5000 31.5000
32.2555 104.5003 19.4101 0.1540 90.0000 221.1000 23.0000 10.5000 34.5000
32.2718 104.4779 20.5338 0.1008 90.0000 221.1000 21.0000 10.5000 37.5000
32.0747 104.6974 1.0699 6.3902 135.0712 221.1000 45.0000 13.5000 1.5000
32.0874 104.6801 3.1537 5.9695 131.2009 221.1000 43.0000 13.5000 4.5000
32.1006 104.6623 5.1610 5.1394 127.7384 221.1000 41.0000 13.5000 7.5000
32.1142 104.6439 7.0893 4.0787 124.3515 221.1000 39.0000 13.5000 10.5000
32.1281 104.6249 8.9362 2.9817 120.7164 221.1000 37.0000 13.5000 13.5000
32.1424 104.6055 10.6994 1.9912 116.4413 221.1000 35.0000 13.5000 16.5000
32.1571 104.5855 12.3769 1.2011 110.8104 221.1000 33.0000 13.5000 19.5000
32.1721 104.5651 13.9666 0.6549 102.9088 221.1000 31.0000 13.5000 22.5000
32.1874 104.5443 15.4665 0.3400 93.5752 221.1000 29.0000 13.5000 25.5000
32.2030 104.5230 16.8749 0.1934 90.0000 221.1000 27.0000 13.5000 28.5000
32.2189 104.5014 18.1899 0.1422 90.0000 221.1000 25.0000 13.5000 31.5000
32.2351 104.4794 19.4101 0.1208 90.0000 221.1000 23.0000 13.5000 34.5000
32.2515 104.4570 20.5338 0.0786 90.0000 221.1000 21.0000 13.5000 37.5000
32.0543 104.6765 1.0699 6.5238 128.6141 221.1000 45.0000 16.5000 1.5000
32.0671 104.6592 3.1537 6.0262 129.4449 221.1000 43.0000 16.5000 4.5000
32.0802 104.6414 5.1610 5.2646 126.9878 221.1000 41.0000 16.5000 7.5000
32.0938 104.6230 7.0893 4.3168 123.0071 221.1000 39.0000 16.5000 10.5000
32.1077 104.6040 8.9362 3.2643 118.4386 221.1000 37.0000 16.5000 13.5000
32.1221 104.5846 10.6994 2.2416 113.0354 221.1000 35.0000 16.5000 16.5000
32.1367 104.5646 12.3769 1.3820 106.0977 221.1000 33.0000 16.5000 19.5000
32.1517 104.5442 13.9666 0.7633 97.4464 221.1000 31.0000 16.5000 22.5000
32.1670 104.5234 15.4665 0.3835 90.0000 221.1000 29.0000 16.5000 25.5000
32.1827 104.5021 16.8749 0.1871 90.0000 221.1000 27.0000 16.5000 28.5000
32.1985 104.4805 18.1899 0.1113 90.0000 221.1000 25.0000 16.5000 31.5000
32.2147 104.4585 19.4101 0.0875 90.0000 221.1000 23.0000 16.5000 34.5000
32.2311 104.4361 20.5338 0.0583 90.0000 221.1000 21.0000 16.5000 37.5000
32.0340 104.6556 1.0699 5.9723 132.6568 221.1000 45.0000 19.5000 1.5000
32.0467 104.6383 3.1537 5.7305 129.8005 221.1000 43.0000 19.5000 4.5000
32.0599 104.6205 5.1610 5.2057 126.2901 221.1000 41.0000 19.5000 7.5000
32.0734 104.6021 7.0893 4.3702 122.3857 221.1000 39.0000 19.5000 10.5000
32.0874 104.5831 8.9362 3.3303 117.8646 221.1000 37.0000 19.5000 13.5000
32.1017 104.5637 10.6994 2.2773 112.0551 221.1000 35.0000 19.5000 16.5000
32.1164 104.5438 12.3769 1.3870 104.2478 221.1000 33.0000 19.5000 19.5000
32.1314 104.5234 13.9666 0.7511 95.0844 221.1000 31.0000 19.5000 22.5000
32.1467 104.5025 15.4665 0.3594 90.0000 221.1000 29.0000 19.5000 25.5000
32.1623 104.4813 16.8749 0.1578 90.0000 221.1000 27.0000 19.5000 28.5000
32.1782 104.4596 18.1899 0.0850 90.0000 221.1000 25.0000 19.5000 31.5000
32.1943 104.4376 19.4101 0.0692 90.0000 221.1000 23.0000 19.5000 34.5000
32.2107 104.4153 20.5338 0.0495 90.0000 221.1000 21.0000 19.5000 37.5000
32.0136 104.6347 1.0699 5.5708 135.7960 221.1000 45.0000 22.5000 1.5000
32.0264 104.6174 3.1537 5.5879 130.2574 221.1000 43.0000 22.5000 4.5000
32.0395 104.5996 5.1610 5.1440 125.9318 221.1000 41.0000 22.5000 7.5000
32.0531 104.5812 7.0893 4.2789 122.3926 221.1000 39.0000 22.5000 10.5000
32.0670 104.5623 8.9362 3.1790 118.3305 221.1000 37.0000 22.5000 13.5000
32.0813 104.5428 10.6994 2.0926 112.4354 221.1000 35.0000 22.5000 16.5000
32.0960 104.5229 12.3769 1.2143 103.6997 221.1000 33.0000 22.5000 19.5000
32.1110 104.5025 13.9666 0.6224 93.3112 221.1000 31.0000 22.5000 22.5000
32.1263 104.4816 15.4665 0.2788 90.0000 221.1000 29.0000 22.5000 25.5000
32.1419 104.4604 16.8749 0.1193 90.0000 221.1000 27.0000 22.5000 28.5000
32.1578 104.4387 18.1899 0.0773 90.0000 221.1000 25.0000 22.5000 31.5000
32.1739 104.4167 19.4101 0.0774 90.0000 221.1000 23.0000 22.5000 34.5000
32.1903 104.3944 20.5338 0.0588 90.0000 221.1000 21.0000 22.5000 37.5000
31.9933 104.6138 1.0699 6.1493 134.9330 221.1000 45.0000 25.5000 1.5000
32.0060 104.5966 3.1537 5.7654 131.1922 221.1000 43.0000 25.5000 4.5000
32.0191 104.5787 5.1610 5.0944 127.0211 221.1000 41.0000 25.5000 7.5000
32.0327 104.5603 7.0893 4.0609 123.5980 221.1000 39.0000 25.5000 10.5000
32.0466 104.5414 8.9362 2.8597 119.7712 221.1000 37.0000 25.5000 13.5000
32.0609 104.5219 10.6994 1.7547 113.7607 221.1000 35.0000 25.5000 16.5000
32.0756 104.5020 12.3769 0.9298 103.8051 221.1000 33.0000 25.5000 19.5000
32.0906 104.4816 13.9666 0.4306 91.1583 221.1000 31.0000 25.5000 22.5000
32.1059 104.4608 15.4665 0.1791 90.0000 221.1000 29.0000 25.5000 25.5000
32.1215 104.4395 16.8749 0.0951 90.0000 221.1000 27.0000 25.5000 28.5000
32.1374 104.4179 18.1899 0.1015 90.0000 221.1000 25.0000 25.5000 31.5000
32.1535 104.3959 19.4101 0.1190 90.0000 221.1000 23.0000 25.5000 34.5000
32.1699 104.3735 20.5338 0.0891 90.0000 221.1000 21.0000 25.5000 37.5000
31.9729 104.5930 1.0699 6.2733 139.1682 221.1000 45.0000 28.5000 1.5000
31.9856 104.5757 3.1537 5.8822 133.1106 221.1000 43.0000 28.5000 4.5000
31.9988 104.5579 5.1610 4.9984 129.0304 221.1000 41.0000 28.5000 7.5000
32.0123 104.5395 7.0893 3.7691 126.0009 221.1000 39.0000 28.5000 10.5000
32.0263 104.5205 8.9362 2.4743 122.4344 221.1000 37.0000 28.5000 13.5000
32.0406 104.5011 10.6994 1.3772 116.2638 221.1000 35.0000 28.5000 16.5000
32.0552 104.4811 12.3769 0.6352 104.7997 221.1000 33.0000 28.5000 19.5000
32.0702 104.4607 13.9666 0.2519 90.0000 221.1000 31.0000 28.5000 22.5000
32.0855 104.4399 15.4665 0.1091 90.0000 221.1000 29.0000 28.5000 25.5000
32.1011 104.4187 16.8749 0.1106 90.0000 221.1000 27.0000 28.5000 28.5000
32.1170 104.3970 18.1899 0.1671 90.0000 221.1000 25.0000 28.5000 31.5000
32.1331 104.3750 19.4101 0.1948 90.0000 221.1000 23.0000 28.5000 34.5000
32.1495 104.3527 20.5338 0.1389 90.0000 221.1000 21.0000 28.5000 37.5000
31.9525 104.5721 1.0699 6.3561 136.3646 221.1000 45.0000 31.5000 1.5000
31.9653 104.5549 3.1537 5.8802 133.7930 221.1000 43.0000 31.5000 4.5000
31.9784 104.5370 5.1610 4.8479 131.3679 221.1000 41.0000 31.5000 7.5000
31.9920 104.5186 7.0893 3.4914 129.1375 221.1000 39.0000 31.5000 10.5000
32.0059 104.4997 8.9362 2.1451 125.9500 221.1000 37.0000 31.5000 13.5000
32.0202 104.4802 10.6994 1.0797 119.5805 221.1000 35.0000 31.5000 16.5000
32.0348 104.4603 12.3769 0.4303 106.1135 221.1000 33.0000 31.5000 19.5000
32.0498 104.4399 13.9666 0.1585 90.0000 221.1000 31.0000 31.5000 22.5000
32.0651 104.4191 15.4665 0.1126 90.0000 221.1000 29.0000 31.5000 25.5000
32.0807 104.3978 16.8749 0.1846 90.0000 221.1000 27.0000 31.5000 28.5000
32.0966 104.3762 18.1899 0.2759 90.0000 221.1000 25.0000 31.5000 31.5000
32.1127 104.3542 19.4101 0.2992 90.0000 221.1000 23.0000 31.5000 34.5000
32.1291 104.3318 20.5338 0.2030 90.0000 221.1000 21.0000 31.5000 37.5000
31.9322 104.5513 1.0699 6.5312 134.5414 221.1000 45.0000 34.5000 1.5000
31.9449 104.5340 3.1537 5.9251 134.1013 221.1000 43.0000 34.5000 4.5000
31.9580 104.5162 5.1610 4.7628 133.2279 221.1000 41.0000 34.5000 7.5000
31.9716 104.4978 7.0893 3.3256 131.6346 221.1000 39.0000 34.5000 10.5000
31.9855 104.4788 8.9362 1.9645 128.2060 221.1000 37.0000 34.5000 13.5000
31.9998 104.4594 10.6994 0.9488 120.2505 221.1000 35.0000 34.5000 16.5000
32.0144 104.4395 12.3769 0.3905 103.2844 221.1000 33.0000 34.5000 19.5000
32.0294 104.4191 13.9666 0.2035 90.0000 221.1000 31.0000 34.5000 22.5000
32.0447 104.3982 15.4665 0.2169 90.0000 221.1000 29.0000 34.5000 25.5000
32.0603 104.3770 16.8749 0.3235 90.0000 221.1000 27.0000 34.5000 28.5000
32.0762 104.3553 18.1899 0.4208 90.0000 221.1000 25.0000 34.5000 31.5000
32.0923 104.3333 19.4101 0.4204 90.0000 221.1000 23.0000 34.5000 34.5000
32.1087 104.3110 20.5338 0.2730 90.0000 221.1000 21.0000 34.5000 37.5000
31.9118 104.5304 1.0699 6.8315 134.3650 221.1000 45.0000 37.5000 1.5000
31.9245 104.5132 3.1537 6.1067 134.4842 221.1000 43.0000 37.5000 4.5000
31.9377 104.4953 5.1610 4.8286 133.9721 221.1000 41.0000 37.5000 7.5000
31.9512 104.4769 7.0893 3.3327 131.8121 221.1000 39.0000 37.5000 10.5000
31.9651 104.4580 8.9362 1.9839 126.2826 221.1000 37.0000 37.5000 13.5000
31.9794 104.4386 10.6994 1.0391 114.3328 221.1000 35.0000 37.5000 16.5000
31.9941 104.4186 12.3769 0.5650 96.4720 221.1000 33.0000 37.5000 19.5000
32.0090 104.3982 13.9666 0.4120 90.0000 221.1000 31.0000 37.5000 22.5000
32.0243 104.3774 15.4665 0.4285 90.0000 221.1000 29.0000 37.5000 25.5000
32.0399 104.3561 16.8749 0.5198 90.0000 221.1000 27.0000 37.5000 28.5000
32.0558 104.3345 18.1899 0.5872 90.0000 221.1000 25.0000 37.5000 31.5000
32.0719 104.3125 19.4101 0.5434 90.0000 221.1000 23.0000 37.5000 34.5000
32.0882 104.2902 20.5338 0.3394 90.0000 221.1000 21.0000 37.5000 37.5000
31.8914 104.5096 1.0699 7.2985 135.4907 221.1000 45.0000 40.5000 1.5000
31.9041 104.4923 3.1537 6.4720 135.1392 221.1000 43.0000 40.5000 4.5000
31.9173 104.4745 5.1610 5.0849 133.5690 221.1000 41.0000 40.5000 7.5000
31.9308 104.4561 7.0893 3.5521 129.3045 221.1000 39.0000 40.5000 10.5000
31.9447 104.4372 8.9362 2.2522 120.4606 221.1000 37.0000 40.5000 13.5000
31.9590 104.4177 10.6994 1.3962 106.1472 221.1000 35.0000 40.5000 16.5000
31.9737 104.3978 12.3769 0.9622 92.5388 221.1000 33.0000 40.5000 19.5000
31.9886 104.3774 13.9666 0.7754 90.0000 221.1000 31.0000 40.5000 22.5000
32.0039 104.3566 15.4665 0.7310 90.0000 221.1000 29.0000 40.5000 25.5000
32.0195 104.3353 16.8749 0.7538 90.0000 221.1000 27.0000 40.5000 28.5000
32.0354 104.3137 18.1899 0.7559 90.0000 221.1000 25.0000 40.5000 31.5000
32.0515 104.2917 19.4101 0.6528 90.0000 221.1000 23.0000 40.5000 34.5000
32.0678 104.2694 20.5338 0.3936 90.0000 221.1000 21.0000 40.5000 37.5000
31.8710 104.4888 1.0699 7.9013 137.1626 221.1000 45.0000 43.5000 1.5000
31.8838 104.4715 3.1537 6.9860 135.7570 221.1000 43.0000 43.5000 4.5000
31.8969 104.4537 5.1610 5.5256 132.3331 221.1000 41.0000 43.5000 7.5000
31.9104 104.4353 7.0893 4.0097 125.6653 221.1000 39.0000 43.5000 10.5000
31.9243 104.4164 8.9362 2.7936 114.9340 221.1000 37.0000 43.5000 13.5000
31.9386 104.3969 10.6994 1.9975 101.8682 221.1000 35.0000 43.5000 16.5000
31.9533 104.3770 12.3769 1.5297 92.0549 221.1000 33.0000 43.5000 19.5000
31.9682 104.3566 13.9666 1.2467 90.0000 221.1000 31.0000 43.5000 22.5000
31.9835 104.3358 15.4665 1.0851 90.0000 221.1000 29.0000 43.5000 25.5000
31.9991 104.3145 16.8749 0.9956 90.0000 221.1000 27.0000 43.5000 28.5000
32.0150 104.2929 18.1899 0.9057 90.0000 221.1000 25.0000 43.5000 31.5000
32.0311 104.2709 19.4101 0.7354 90.0000 221.1000 23.0000 43.5000 34.5000
32.0474 104.2486 20.5338 0.4293 90.0000 221.1000 21.0000 43.5000 37.5000
31.8507 104.4680 1.0699 8.5591 138.3547 221.1000 45.0000 46.5000 1.5000
31.8634 104.4507 3.1537 7.5842 135.8175 221.1000 43.0000 46.5000 4.5000
31.8765 104.4329 5.1610 6.1153 130.8958 221.1000 41.0000 46.5000 7.5000
31.8900 104.4145 7.0893 4.6669 123.0687 221.1000 39.0000 46.5000 10.5000
31.9039 104.3955 8.9362 3.5288 112.7231 221.1000 37.0000 46.5000 13.5000
31.9182 104.3761 10.6994 2.7306 102.1147 221.1000 35.0000 46.5000 16.5000
31.9329 104.3562 12.3769 2.1664 94.1854 221.1000 33.0000 46.5000 19.5000
31.9478 104.3358 13.9666 1.7446 90.4437 221.1000 31.0000 46.5000 22.5000
31.9631 104.3150 15.4665 1.4335 90.0000 221.1000 29.0000 46.5000 25.5000
31.9787 104.2937 16.8749 1.2095 90.0000 221.1000 27.0000 46.5000 28.5000
31.9945 104.2721 18.1899 1.0178 90.0000 221.1000 25.0000 46.5000 31.5000
32.0106 104.2501 19.4101 0.7830 90.0000 221.1000 23.0000 46.5000 34.5000
32.0270 104.2278 20.5338 0.4440 90.0000 221.1000 21.0000 46.5000 37.5000
31.8303 104.4472 1.0699 9.0991 137.4026 221.1000 45.0000 49.5000 1.5000
31.8430 104.4299 3.1537 8.1294 134.4652 221.1000 43.0000 49.5000 4.5000
31.8561 104.4121 5.1610 6.7235 129.6123 221.1000 41.0000 49.5000 7.5000
31.8696 104.3937 7.0893 5.3798 122.3783 221.1000 39.0000 49.5000 10.5000
31.8835 104.3747 8.9362 4.2996 113.7062 221.1000 37.0000 49.5000 13.5000
31.8978 104.3553 10.6994 3.4534 105.3700 221.1000 35.0000 49.5000 16.5000
31.9125 104.3354 12.3769 2.7578 98.6603 221.1000 33.0000 49.5000 19.5000
31.9274 104.3150 13.9666 2.1772 94.0048 221.1000 31.0000 49.5000 22.5000
31.9427 104.2942 15.4665 1.7141 91.3486 221.1000 29.0000 49.5000 25.5000
31.9583 104.2729 16.8749 1.3623 90.0715 221.1000 27.0000 49.5000 28.5000
31.9741 104.2513 18.1899 1.0793 90.0000 221.1000 25.0000 49.5000 31.5000
31.9902 104.2293 19.4101 0.7938 90.0000 221.1000 23.0000 49.5000 34.5000
32.0066 104.2070 20.5338 0.4388 90.0000 221.1000 21.0000 49.5000 37.5000
31.8099 104.4264 1.0699 9.3495 132.0482 221.1000 45.0000 52.5000 1.5000
31.8226 104.4091 3.1537 8.4123 131.3059 221.1000 43.0000 52.5000 4.5000
31.8357 104.3913 5.1610 7.1616 128.3206 221.1000 41.0000 52.5000 7.5000
31.8492 104.3729 7.0893 5.9785 123.0072 221.1000 39.0000 52.5000 10.5000
31.8631 104.3540 8.9362 4.9519 116.5404 221.1000 37.0000 52.5000 13.5000
31.8774 104.3345 10.6994 4.0393 110.1576 221.1000 35.0000 52.5000 16.5000
31.8920 104.3146 12.3769 3.2084 104.4427 221.1000 33.0000 52.5000 19.5000
31.9070 104.2942 13.9666 2.4782 99.4805 221.1000 31.0000 52.5000 22.5000
31.9223 104.2734 15.4665 1.8845 95.3379 221.1000 29.0000 52.5000 25.5000
31.9379 104.2521 16.8749 1.4340 92.2552 221.1000 27.0000 52.5000 28.5000
31.9537 104.2305 18.1899 1.0873 90.5142 221.1000 25.0000 52.5000 31.5000
31.9698 104.2085 19.4101 0.7724 90.0000 221.1000 23.0000 52.5000 34.5000
31.9861 104.1862 20.5338 0.4183 90.0000 221.1000 21.0000 52.5000 37.5000
31.7895 104.4056 1.0699 8.9019 127.9692 221.1000 45.0000 55.5000 1.5000
31.8022 104.3883 3.1537 8.2510 127.8860 221.1000 43.0000 55.5000 4.5000
31.8153 104.3705 5.1610 7.3182 126.7299 221.1000 41.0000 55.5000 7.5000
31.8288 104.3521 7.0893 6.3379 123.9204 221.1000 39.0000 55.5000 10.5000
31.8427 104.3332 8.9362 5.3604 119.8550 221.1000 37.0000 55.5000 13.5000
31.8570 104.3137 10.6994 4.3878 115.2283 221.1000 35.0000 55.5000 16.5000
31.8716 104.2938 12.3769 3.4514 110.4284 221.1000 33.0000 55.5000 19.5000
31.8866 104.2734 13.9666 2.6152 105.5437 221.1000 31.0000 55.5000 22.5000
31.9019 104.2526 15.4665 1.9367 100.6968 221.1000 29.0000 55.5000 25.5000
31.9174 104.2314 16.8749 1.4289 96.3276 221.1000 27.0000 55.5000 28.5000
31.9333 104.2097 18.1899 1.0512 93.0740 221.1000 25.0000 55.5000 31.5000
31.9494 104.1877 19.4101 0.7291 91.2872 221.1000 23.0000 55.5000 34.5000
31.9657 104.1654 20.5338 0.3892 90.5498 221.1000 21.0000 55.5000 37.5000
31.7691 104.3848 1.0699 8.0169 124.1241 221.1000 45.0000 58.5000 1.5000
31.7818 104.3676 3.1537 7.7316 124.6302 221.1000 43.0000 58.5000 4.5000
31.7949 104.3497 5.1610 7.1492 125.0549 221.1000 41.0000 58.5000 7.5000
31.8084 104.3313 7.0893 6.3579 124.4871 221.1000 39.0000 58.5000 10.5000
31.8223 104.3124 8.9362 5.4288 122.5874 221.1000 37.0000 58.5000 13.5000
31.8366 104.2930 10.6994 4.4303 119.5308 221.1000 35.0000 58.5000 16.5000
31.8512 104.2731 12.3769 3.4504 115.5982 221.1000 33.0000 58.5000 19.5000
31.8662 104.2527 13.9666 2.5809 110.9982 221.1000 31.0000 58.5000 22.5000
31.8814 104.2318 15.4665 1.8840 106.0089 221.1000 29.0000 58.5000 25.5000
31.8970 104.2106 16.8749 1.3684 101.1891 221.1000 27.0000 58.5000 28.5000
31.9128 104.1890 18.1899 0.9910 97.3285 221.1000 25.0000 58.5000 31.5000
31.9289 104.1670 19.4101 0.6781 94.9637 221.1000 23.0000 58.5000 34.5000
31.9453 104.1447 20.5338 0.3586 93.9116 221.1000 21.0000 58.5000 37.5000
31.7487 104.3641 1.0699 7.1122 119.8713 221.1000 45.0000 61.5000 1.5000
31.7614 104.3468 3.1537 7.0673 121.5653 221.1000 43.0000 61.5000 4.5000
31.7745 104.3290 5.1610 6.6905 123.4000 221.1000 41.0000 61.5000 7.5000
31.7880 104.3106 7.0893 6.0081 124.4364 221.1000 39.0000 61.5000 10.5000
31.8019 104.2917 8.9362 5.1238 124.1181 221.1000 37.0000 61.5000 13.5000
31.8162 104.2722 10.6994 4.1527 122.2874 221.1000 35.0000 61.5000 16.5000
31.8308 104.2523 12.3769 3.2110 119.0842 221.1000 33.0000 61.5000 19.5000
31.8458 104.2319 13.9666 2.3934 114.8305 221.1000 31.0000 61.5000 22.5000
31.8610 104.2111 15.4665 1.7493 110.0629 221.1000 29.0000 61.5000 25.5000
31.8766 104.1898 16.8749 1.2752 105.5552 221.1000 27.0000 61.5000 28.5000
31.8924 104.1682 18.1899 0.9251 102.1146 221.1000 25.0000 61.5000 31.5000
31.9085 104.1462 19.4101 0.6317 100.1444 221.1000 23.0000 61.5000 34.5000
31.9248 104.1239 20.5338 0.3328 99.3779 221.1000 21.0000 61.5000 37.5000
31.7283 104.3433 1.0699 6.5909 117.5920 221.1000 45.0000 64.5000 1.5000
31.7410 104.3260 3.1537 6.4440 119.6425 221.1000 43.0000 64.5000 4.5000
31.7541 104.3082 5.1610 6.0243 122.0311 221.1000 41.0000 64.5000 7.5000
31.7676 104.2898 7.0893 5.3472 123.7493 221.1000 39.0000 64.5000 10.5000
31.7815 104.2709 8.9362 4.5062 124.1860 221.1000 37.0000 64.5000 13.5000
31.7958 104.2515 10.6994 3.6183 123.0116 221.1000 35.0000 64.5000 16.5000
31.8104 104.2315 12.3769 2.7912 120.2453 221.1000 33.0000 64.5000 19.5000
31.8253 104.2112 13.9666 2.0973 116.3172 221.1000 31.0000 64.5000 22.5000
31.8406 104.1903 15.4665 1.5609 112.0668 221.1000 29.0000 64.5000 25.5000
31.8561 104.1691 16.8749 1.1634 108.4794 221.1000 27.0000 64.5000 28.5000
31.8720 104.1475 18.1899 0.8590 106.2038 221.1000 25.0000 64.5000 31.5000
31.8881 104.1255 19.4101 0.5916 105.2550 221.1000 23.0000 64.5000 34.5000
31.9044 104.1032 20.5338 0.3121 105.1085 221.1000 21.0000 64.5000 37.5000
31.7079 104.3226 1.0699 6.0980 118.3929 221.1000 45.0000 67.5000 1.5000
31.7206 104.3053 3.1537 5.7623 119.7335 221.1000 43.0000 67.5000 4.5000
31.7337 104.2875 5.1610 5.2009 121.3795 221.1000 41.0000 67.5000 7.5000
31.7472 104.2691 7.0893 4.4921 122.5532 221.1000 39.0000 67.5000 10.5000
31.7611 104.2502 8.9362 3.7126 122.7062 221.1000 37.0000 67.5000 13.5000
31.7753 104.2307 10.6994 2.9524 121.4584 221.1000 35.0000 67.5000 16.5000
31.7900 104.2108 12.3769 2.2873 118.7862 221.1000 33.0000 67.5000 19.5000
31.8049 104.1904 13.9666 1.7533 115.2508 221.1000 31.0000 67.5000 22.5000
31.8202 104.1696 15.4665 1.3468 111.9164 221.1000 29.0000 67.5000 25.5000
31.8357 104.1484 16.8749 1.0380 109.7471 221.1000 27.0000 67.5000 28.5000
31.8515 104.1267 18.1899 0.7859 108.9908 221.1000 25.0000 67.5000 31.5000
31.8676 104.1048 19.4101 0.5482 109.2110 221.1000 23.0000 67.5000 34.5000
31.8839 104.0824 20.5338 0.2901 109.6936 221.1000 21.0000 67.5000 37.5000
31.6875 104.3018 1.0699 5.2692 122.1057 221.1000 45.0000 70.5000 1.5000
31.7002 104.2846 3.1537 4.8318 122.0711 221.1000 43.0000 70.5000 4.5000
31.7133 104.2667 5.1610 4.2307 121.7037 221.1000 41.0000 70.5000 7.5000
31.7268 104.2483 7.0893 3.5636 120.9494 221.1000 39.0000 70.5000 10.5000
31.7407 104.2294 8.9362 2.8915 119.7123 221.1000 37.0000 70.5000 13.5000
31.7549 104.2100 10.6994 2.2843 117.7435 221.1000 35.0000 70.5000 16.5000
31.7695 104.1901 12.3769 1.7890 115.0391 221.1000 33.0000 70.5000 19.5000
31.7845 104.1697 13.9666 1.4098 112.2224 221.1000 31.0000 70.5000 22.5000
31.7997 104.1489 15.4665 1.1229 110.3023 221.1000 29.0000 70.5000 25.5000
31.8153 104.1276 16.8749 0.8950 109.8598 221.1000 27.0000 70.5000 28.5000
31.8311 104.1060 18.1899 0.6931 110.6174 221.1000 25.0000 70.5000 31.5000
31.8472 104.0840 19.4101 0.4882 111.8307 221.1000 23.0000 70.5000 34.5000
31.8635 104.0617 20.5338 0.2585 112.7731 221.1000 21.0000 70.5000 37.5000
31.6670 104.2811 1.0699 3.8761 129.8106 221.1000 45.0000 73.5000 1.5000
31.6797 104.2638 3.1537 3.5881 127.0954 221.1000 43.0000 73.5000 4.5000
31.6928 104.2460 5.1610 3.1582 122.9120 221.1000 41.0000 73.5000 7.5000
31.7063 104.2276 7.0893 2.6499 118.8619 221.1000 39.0000 73.5000 10.5000
31.7202 104.2087 8.9362 2.1323 115.5092 221.1000 37.0000 73.5000 13.5000
31.7345 104.1893 10.6994 1.6811 112.6527 221.1000 35.0000 73.5000 16.5000
31.7491 104.1694 12.3769 1.3332 110.1796 221.1000 33.0000 73.5000 19.5000
31.7640 104.1490 13.9666 1.0782 108.5315 221.1000 31.0000 73.5000 22.5000
31.7793 104.1282 15.4665 0.8853 108.3243 221.1000 29.0000 73.5000 25.5000
31.7948 104.1069 16.8749 0.7236 109.5664 221.1000 27.0000 73.5000 28.5000
31.8106 104.0853 18.1899 0.5683 111.5509 221.1000 25.0000 73.5000 31.5000
31.8267 104.0633 19.4101 0.4013 113.4324 221.1000 23.0000 73.5000 34.5000
31.8430 104.0410 20.5338 0.2115 114.5982 221.1000 21.0000 73.5000 37.5000
31.6466 104.2604 1.0699 2.3168 148.5173 221.1000 45.0000 76.5000 1.5000
31.6593 104.2431 3.1537 2.2591 136.6007 221.1000 43.0000 76.5000 4.5000
31.6724 104.2253 5.1610 2.0744 124.5706 221.1000 41.0000 76.5000 7.5000
31.6859 104.2069 7.0893 1.7772 116.1890 221.1000 39.0000 76.5000 10.5000
31.6998 104.1880 8.9362 1.4331 110.9289 221.1000 37.0000 76.5000 13.5000
31.7141 104.1686 10.6994 1.1280 107.6342 221.1000 35.0000 76.5000 16.5000
31.7287 104.1486 12.3769 0.9008 105.7691 221.1000 33.0000 76.5000 19.5000
31.7436 104.1283 13.9666 0.7409 105.4409 221.1000 31.0000 76.5000 22.5000
31.7588 104.1074 15.4665 0.6204 106.7979 221.1000 29.0000 76.5000 25.5000
31.7744 104.0862 16.8749 0.5146 109.3573 221.1000 27.0000 76.5000 28.5000
31.7902 104.0646 18.1899 0.4061 112.1513 221.1000 25.0000 76.5000 31.5000
31.8063 104.0426 19.4101 0.2852 114.3464 221.1000 23.0000 76.5000 34.5000
31.8226 104.0203 20.5338 0.1488 115.4561 221.1000 21.0000 76.5000 37.5000
31.6262 104.2397 1.0699 1.4985 174.8769 221.1000 45.0000 79.5000 1.5000
31.6389 104.2224 3.1537 1.1593 151.5452 221.1000 43.0000 79.5000 4.5000
31.6520 104.2046 5.1610 1.0284 126.2081 221.1000 41.0000 79.5000 7.5000
31.6655 104.1862 7.0893 0.9062 113.3656 221.1000 39.0000 79.5000 10.5000
31.6794 104.1673 8.9362 0.7337 107.2649 221.1000 37.0000 79.5000 13.5000
31.6936 104.1479 10.6994 0.5747 104.1124 221.1000 35.0000 79.5000 16.5000
31.7082 104.1279 12.3769 0.4593 102.8865 221.1000 33.0000 79.5000 19.5000
31.7231 104.1076 13.9666 0.3808 103.5410 221.1000 31.0000 79.5000 22.5000
31.7384 104.0867 15.4665 0.3221 105.9534 221.1000 29.0000 79.5000 25.5000
31.7539 104.0655 16.8749 0.2688 109.3291 221.1000 27.0000 79.5000 28.5000
31.7697 104.0439 18.1899 0.2117 112.5361 221.1000 25.0000 79.5000 31.5000
31.7858 104.0219 19.4101 0.1471 114.7422 221.1000 23.0000 79.5000 34.5000
31.8021 103.9996 20.5338 0.0755 115.4713 221.1000 21.0000 79.5000 37.5000
