31.1791 103.7114 0.9965 3.0258 124.4290 227.1000 41.2667 1.5000 1.5000
31.1941 103.6951 2.9462 2.9262 123.8046 227.1000 39.8000 1.5000 4.5000
31.2095 103.6784 4.8368 2.7248 121.2942 227.1000 38.3333 1.5000 7.5000
31.2251 103.6614 6.6672 2.4155 117.6260 227.1000 36.8667 1.5000 10.5000
31.2411 103.6440 8.4361 2.0477 113.9049 227.1000 35.4000 1.5000 13.5000
31.2573 103.6264 10.1425 1.6605 110.8323 227.1000 33.9333 1.5000 16.5000
31.2738 103.6084 11.7851 1.2864 108.8325 227.1000 32.4667 1.5000 19.5000
31.2906 103.5901 13.3630 0.9536 108.3390 227.1000 31.0000 1.5000 22.5000
31.3077 103.5715 14.8750 0.6829 109.9765 227.1000 29.5333 1.5000 25.5000
31.3250 103.5526 16.3202 0.4847 114.3242 227.1000 28.0667 1.5000 28.5000
31.3425 103.5335 17.6977 0.3563 120.7567 227.1000 26.6000 1.5000 31.5000
31.3602 103.5141 19.0065 0.2807 126.7590 227.1000 25.1333 1.5000 34.5000
31.3782 103.4944 20.2458 0.2304 129.7975 227.1000 23.6667 1.5000 37.5000
31.3964 103.4746 21.4147 0.1781 129.8346 227.1000 22.2000 1.5000 40.5000
31.4147 103.4545 22.5126 0.1032 128.5255 227.1000 20.7333 1.5000 43.5000
31.1607 103.6883 0.9965 5.6856 122.6223 227.1000 41.2667 4.5000 1.5000
31.1757 103.6720 2.9462 5.4215 122.4110 227.1000 39.8000 4.5000 4.5000
31.1911 103.6553 4.8368 4.9706 120.7867 227.1000 38.3333 4.5000 7.5000
31.2067 103.6383 6.6672 4.4055 117.6577 227.1000 36.8667 4.5000 10.5000
31.2227 103.6210 8.4361 3.7678 113.9826 227.1000 35.4000 4.5000 13.5000
31.2389 103.6033 10.1425 3.0961 110.6266 227.1000 33.9333 4.5000 16.5000
31.2554 103.5853 11.7851 2.4376 108.1290 227.1000 32.4667 4.5000 19.5000
31.2722 103.5670 13.3630 1.8410 106.9330 227.1000 31.0000 4.5000 22.5000
31.2893 103.5484 14.8750 1.3442 107.5763 227.1000 29.5333 4.5000 25.5000
31.3066 103.5295 16.3202 0.9677 110.5580 227.1000 28.0667 4.5000 28.5000
31.3241 103.5104 17.6977 0.7104 115.5960 227.1000 26.6000 4.5000 31.5000
31.3418 103.4910 19.0065 0.5480 120.9946 227.1000 25.1333 4.5000 34.5000
31.3598 103.4713 20.2458 0.4360 124.5825 227.1000 23.6667 4.5000 37.5000
31.3779 103.4515 21.4147 0.3264 125.7625 227.1000 22.2000 4.5000 40.5000
31.3963 103.4314 22.5126 0.1836 125.5220 227.1000 20.7333 4.5000 43.5000
31.1424 103.6653 0.9965 7.7689 120.6253 227.1000 41.2667 7.5000 1.5000
31.1574 103.6489 2.9462 7.3417 120.8308 227.1000 39.8000 7.5000 4.5000
31.1727 103.6323 4.8368 6.6524 119.8808 227.1000 38.3333 7.5000 7.5000
31.1883 103.6152 6.6672 5.8741 117.2801 227.1000 36.8667 7.5000 10.5000
31.2043 103.5979 8.4361 5.0538 113.7300 227.1000 35.4000 7.5000 13.5000
31.2205 103.5802 10.1425 4.2114 110.1331 227.1000 33.9333 7.5000 16.5000
31.2370 103.5622 11.7851 3.3841 107.1366 227.1000 32.4667 7.5000 19.5000
31.2538 103.5439 13.3630 2.6216 105.2105 227.1000 31.0000 7.5000 22.5000
31.2709 103.5253 14.8750 1.9673 104.7953 227.1000 29.5333 7.5000 25.5000
31.2882 103.5064 16.3202 1.4489 106.2585 227.1000 28.0667 7.5000 28.5000
31.3057 103.4873 17.6977 1.0708 109.5001 227.1000 26.6000 7.5000 31.5000
31.3234 103.4679 19.0065 0.8112 113.5772 227.1000 25.1333 7.5000 34.5000
31.3414 103.4483 20.2458 0.6229 116.9874 227.1000 23.6667 7.5000 37.5000
31.3595 103.4284 21.4147 0.4488 118.8640 227.1000 22.2000 7.5000 40.5000
31.3779 103.4083 22.5126 0.2448 119.4595 227.1000 20.7333 7.5000 43.5000
31.1240 103.6422 0.9965 9.1073 118.3432 227.1000 41.2667 10.5000 1.5000
31.1390 103.6259 2.9462 8.5843 118.5403 227.1000 39.8000 10.5000 4.5000
31.1543 103.6092 4.8368 7.7518 118.0485 227.1000 38.3333 10.5000 7.5000
31.1700 103.5922 6.6672 6.8371 116.0841 227.1000 36.8667 10.5000 10.5000
31.1859 103.5748 8.4361 5.9150 112.8953 227.1000 35.4000 10.5000 13.5000
31.2021 103.5571 10.1425 5.0005 109.2771 227.1000 33.9333 10.5000 16.5000
31.2186 103.5391 11.7851 4.1104 105.9727 227.1000 32.4667 10.5000 19.5000
31.2354 103.5208 13.3630 3.2766 103.5060 227.1000 31.0000 10.5000 22.5000
31.2525 103.5022 14.8750 2.5362 102.2388 227.1000 29.5333 10.5000 25.5000
31.2697 103.4833 16.3202 1.9207 102.4002 227.1000 28.0667 10.5000 28.5000
31.2873 103.4642 17.6977 1.4416 103.9242 227.1000 26.6000 10.5000 31.5000
31.3050 103.4448 19.0065 1.0858 106.3227 227.1000 25.1333 10.5000 34.5000
31.3230 103.4252 20.2458 0.8123 108.7366 227.1000 23.6667 10.5000 37.5000
31.3411 103.4053 21.4147 0.5660 110.4441 227.1000 22.2000 10.5000 40.5000
31.3594 103.3852 22.5126 0.3002 111.2825 227.1000 20.7333 10.5000 43.5000
31.1056 103.6191 0.9965 9.6932 116.1629 227.1000 41.2667 13.5000 1.5000
31.1206 103.6028 2.9462 9.1795 116.0844 227.1000 39.8000 13.5000 4.5000
31.1359 103.5861 4.8368 8.3242 115.5933 227.1000 38.3333 13.5000 7.5000
31.1516 103.5691 6.6672 7.3622 114.0722 227.1000 36.8667 13.5000 10.5000
31.1675 103.5517 8.4361 6.4167 111.3865 227.1000 35.4000 13.5000 13.5000
31.1837 103.5340 10.1425 5.5087 108.0497 227.1000 33.9333 13.5000 16.5000
31.2002 103.5160 11.7851 4.6345 104.7637 227.1000 32.4667 13.5000 19.5000
31.2170 103.4977 13.3630 3.8012 102.0727 227.1000 31.0000 13.5000 22.5000
31.2341 103.4791 14.8750 3.0337 100.2894 227.1000 29.5333 13.5000 25.5000
31.2513 103.4603 16.3202 2.3645 99.5465 227.1000 28.0667 13.5000 28.5000
31.2688 103.4411 17.6977 1.8121 99.7628 227.1000 26.6000 13.5000 31.5000
31.2866 103.4217 19.0065 1.3734 100.6631 227.1000 25.1333 13.5000 34.5000
31.3045 103.4021 20.2458 1.0168 101.7970 227.1000 23.6667 13.5000 37.5000
31.3227 103.3822 21.4147 0.6941 102.7285 227.1000 22.2000 13.5000 40.5000
31.3410 103.3622 22.5126 0.3610 103.2492 227.1000 20.7333 13.5000 43.5000
31.0872 103.5961 0.9965 9.5803 114.3330 227.1000 41.2667 16.5000 1.5000
31.1022 103.5797 2.9462 9.1452 113.9743 227.1000 39.8000 16.5000 4.5000
31.1175 103.5631 4.8368 8.3906 113.1959 227.1000 38.3333 16.5000 7.5000
31.1332 103.5460 6.6672 7.5075 111.7531 227.1000 36.8667 16.5000 10.5000
31.1491 103.5287 8.4361 6.6297 109.4739 227.1000 35.4000 16.5000 13.5000
31.1653 103.5110 10.1425 5.7928 106.5998 227.1000 33.9333 16.5000 16.5000
31.1818 103.4930 11.7851 4.9856 103.6481 227.1000 32.4667 16.5000 19.5000
31.1986 103.4747 13.3630 4.1979 101.0865 227.1000 31.0000 16.5000 22.5000
31.2156 103.4561 14.8750 3.4443 99.1765 227.1000 29.5333 16.5000 25.5000
31.2329 103.4372 16.3202 2.7564 97.9918 227.1000 28.0667 16.5000 28.5000
31.2504 103.4181 17.6977 2.1586 97.4337 227.1000 26.6000 16.5000 31.5000
31.2682 103.3987 19.0065 1.6561 97.3125 227.1000 25.1333 16.5000 34.5000
31.2861 103.3790 20.2458 1.2270 97.3898 227.1000 23.6667 16.5000 37.5000
31.3043 103.3592 21.4147 0.8308 97.4642 227.1000 22.2000 16.5000 40.5000
31.3226 103.3391 22.5126 0.4277 97.4509 227.1000 20.7333 16.5000 43.5000
31.0688 103.5730 0.9965 8.8588 112.6383 227.1000 41.2667 19.5000 1.5000
31.0838 103.5567 2.9462 8.5497 112.1264 227.1000 39.8000 19.5000 4.5000
31.0991 103.5400 4.8368 7.9912 111.1040 227.1000 38.3333 19.5000 7.5000
31.1148 103.5230 6.6672 7.3053 109.5728 227.1000 36.8667 19.5000 10.5000
31.1307 103.5056 8.4361 6.5928 107.5377 227.1000 35.4000 19.5000 13.5000
31.1469 103.4879 10.1425 5.8905 105.1644 227.1000 33.9333 19.5000 16.5000
31.1634 103.4699 11.7851 5.1888 102.7781 227.1000 32.4667 19.5000 19.5000
31.1802 103.4516 13.3630 4.4742 100.6874 227.1000 31.0000 19.5000 22.5000
31.1972 103.4330 14.8750 3.7589 99.0557 227.1000 29.5333 19.5000 25.5000
31.2145 103.4142 16.3202 3.0754 97.8908 227.1000 28.0667 19.5000 28.5000
31.2320 103.3950 17.6977 2.4529 97.0623 227.1000 26.6000 19.5000 31.5000
31.2497 103.3756 19.0065 1.9043 96.4054 227.1000 25.1333 19.5000 34.5000
31.2677 103.3560 20.2458 1.4168 95.7920 227.1000 23.6667 19.5000 37.5000
31.2858 103.3361 21.4147 0.9574 95.1918 227.1000 22.2000 19.5000 40.5000
31.3041 103.3160 22.5126 0.4907 94.6817 227.1000 20.7333 19.5000 43.5000
31.0504 103.5500 0.9965 7.6915 110.9578 227.1000 41.2667 22.5000 1.5000
31.0654 103.5336 2.9462 7.5194 110.3553 227.1000 39.8000 22.5000 4.5000
31.0807 103.5170 4.8368 7.2072 109.1681 227.1000 38.3333 22.5000 7.5000
31.0964 103.4999 6.6672 6.7996 107.5678 227.1000 36.8667 22.5000 10.5000
31.1123 103.4826 8.4361 6.3347 105.7597 227.1000 35.4000 22.5000 13.5000
31.1285 103.4649 10.1425 5.8259 103.9488 227.1000 33.9333 22.5000 16.5000
31.1450 103.4469 11.7851 5.2636 102.3243 227.1000 32.4667 22.5000 19.5000
31.1618 103.4286 13.3630 4.6411 101.0108 227.1000 31.0000 22.5000 22.5000
31.1788 103.4100 14.8750 3.9765 100.0260 227.1000 29.5333 22.5000 25.5000
31.1961 103.3911 16.3202 3.3076 99.2770 227.1000 28.0667 22.5000 28.5000
31.2136 103.3720 17.6977 2.6712 98.5740 227.1000 26.6000 22.5000 31.5000
31.2313 103.3526 19.0065 2.0892 97.7466 227.1000 25.1333 22.5000 34.5000
31.2492 103.3329 20.2458 1.5578 96.7368 227.1000 23.6667 22.5000 37.5000
31.2674 103.3131 21.4147 1.0512 95.6543 227.1000 22.2000 22.5000 40.5000
31.2857 103.2930 22.5126 0.5373 94.7427 227.1000 20.7333 22.5000 43.5000
31.0320 103.5269 0.9965 6.2146 109.2405 227.1000 41.2667 25.5000 1.5000
31.0470 103.5106 2.9462 6.2015 108.5444 227.1000 39.8000 25.5000 4.5000
31.0623 103.4939 4.8368 6.1676 107.2606 227.1000 38.3333 25.5000 7.5000
31.0780 103.4769 6.6672 6.0773 105.7148 227.1000 36.8667 25.5000 10.5000
31.0939 103.4595 8.4361 5.9034 104.2710 227.1000 35.4000 25.5000 13.5000
31.1101 103.4419 10.1425 5.6258 103.1625 227.1000 33.9333 25.5000 16.5000
31.1266 103.4239 11.7851 5.2278 102.4684 227.1000 32.4667 25.5000 19.5000
31.1434 103.4055 13.3630 4.7095 102.1456 227.1000 31.0000 25.5000 22.5000
31.1604 103.3870 14.8750 4.0991 102.0584 227.1000 29.5333 25.5000 25.5000
31.1776 103.3681 16.3202 3.4459 101.9968 227.1000 28.0667 25.5000 28.5000
31.1951 103.3489 17.6977 2.7985 101.6909 227.1000 26.6000 25.5000 31.5000
31.2129 103.3295 19.0065 2.1911 100.9449 227.1000 25.1333 25.5000 34.5000
31.2308 103.3099 20.2458 1.6300 99.7458 227.1000 23.6667 25.5000 37.5000
31.2489 103.2900 21.4147 1.0957 98.3233 227.1000 22.2000 25.5000 40.5000
31.2673 103.2700 22.5126 0.5581 97.0892 227.1000 20.7333 25.5000 43.5000
31.0136 103.5039 0.9965 4.5872 107.3098 227.1000 41.2667 28.5000 1.5000
31.0286 103.4876 2.9462 4.7779 106.7133 227.1000 39.8000 28.5000 4.5000
31.0439 103.4709 4.8368 5.0297 105.5287 227.1000 38.3333 28.5000 7.5000
31.0595 103.4539 6.6672 5.2445 104.2686 227.1000 36.8667 28.5000 10.5000
31.0755 103.4365 8.4361 5.3570 103.3807 227.1000 35.4000 28.5000 13.5000
31.0917 103.4188 10.1425 5.3184 103.0750 227.1000 33.9333 28.5000 16.5000
31.1082 103.4008 11.7851 5.0952 103.3476 227.1000 32.4667 28.5000 19.5000
31.1249 103.3825 13.3630 4.6850 104.0438 227.1000 31.0000 28.5000 22.5000
31.1419 103.3639 14.8750 4.1264 104.9174 227.1000 29.5333 28.5000 25.5000
31.1592 103.3451 16.3202 3.4851 105.6623 227.1000 28.0667 28.5000 28.5000
31.1767 103.3259 17.6977 2.8272 105.9234 227.1000 26.6000 28.5000 31.5000
31.1944 103.3065 19.0065 2.2016 105.4544 227.1000 25.1333 28.5000 34.5000
31.2124 103.2869 20.2458 1.6254 104.2465 227.1000 23.6667 28.5000 37.5000
31.2305 103.2670 21.4147 1.0846 102.6137 227.1000 22.2000 28.5000 40.5000
31.2488 103.2469 22.5126 0.5498 101.1276 227.1000 20.7333 28.5000 43.5000
30.9952 103.4809 0.9965 3.1215 105.6500 227.1000 41.2667 31.5000 1.5000
31.0102 103.4646 2.9462 3.4776 105.3552 227.1000 39.8000 31.5000 4.5000
31.0255 103.4479 4.8368 3.9400 104.5794 227.1000 38.3333 31.5000 7.5000
31.0411 103.4309 6.6672 4.3860 103.9098 227.1000 36.8667 31.5000 10.5000
31.0570 103.4135 8.4361 4.7412 103.6308 227.1000 35.4000 31.5000 13.5000
31.0733 103.3958 10.1425 4.9259 103.9795 227.1000 33.9333 31.5000 16.5000
31.0897 103.3778 11.7851 4.8720 104.9876 227.1000 32.4667 31.5000 19.5000
31.1065 103.3595 13.3630 4.5638 106.4817 227.1000 31.0000 31.5000 22.5000
31.1235 103.3409 14.8750 4.0498 108.1724 227.1000 29.5333 31.5000 25.5000
31.1408 103.3220 16.3202 3.4166 109.6983 227.1000 28.0667 31.5000 28.5000
31.1583 103.3029 17.6977 2.7518 110.6211 227.1000 26.6000 31.5000 31.5000
31.1760 103.2835 19.0065 2.1197 110.6091 227.1000 25.1333 31.5000 34.5000
31.1939 103.2639 20.2458 1.5461 109.5937 227.1000 23.6667 31.5000 37.5000
31.2120 103.2440 21.4147 1.0211 107.9095 227.1000 22.2000 31.5000 40.5000
31.2304 103.2239 22.5126 0.5141 106.2597 227.1000 20.7333 31.5000 43.5000
30.9768 103.4579 0.9965 2.1255 107.5019 227.1000 41.2667 34.5000 1.5000
30.9918 103.4416 2.9462 2.4804 105.4372 227.1000 39.8000 34.5000 4.5000
31.0071 103.4249 4.8368 2.9914 105.7841 227.1000 38.3333 34.5000 7.5000
31.0227 103.4079 6.6672 3.5554 105.8847 227.1000 36.8667 34.5000 10.5000
31.0386 103.3905 8.4361 4.0905 105.7347 227.1000 35.4000 34.5000 13.5000
31.0548 103.3728 10.1425 4.4641 106.1111 227.1000 33.9333 34.5000 16.5000
31.0713 103.3548 11.7851 4.5559 107.2843 227.1000 32.4667 34.5000 19.5000
31.0881 103.3365 13.3630 4.3316 109.1164 227.1000 31.0000 34.5000 22.5000
31.1051 103.3179 14.8750 3.8520 111.3089 227.1000 29.5333 34.5000 25.5000
31.1223 103.2990 16.3202 3.2280 113.4705 227.1000 28.0667 34.5000 28.5000
31.1398 103.2799 17.6977 2.5685 115.0824 227.1000 26.6000 34.5000 31.5000
31.1575 103.2605 19.0065 1.9496 115.6889 227.1000 25.1333 34.5000 34.5000
31.1755 103.2409 20.2458 1.4014 115.0863 227.1000 23.6667 34.5000 37.5000
31.1936 103.2210 21.4147 0.9146 113.5447 227.1000 22.2000 34.5000 40.5000
31.2119 103.2009 22.5126 0.4573 111.8452 227.1000 20.7333 34.5000 43.5000
30.9584 103.4349 0.9965 1.4921 101.2590 227.1000 41.2667 37.5000 1.5000
30.9734 103.4186 2.9462 1.7682 108.0484 227.1000 39.8000 37.5000 4.5000
30.9887 103.4019 4.8368 2.2158 112.2545 227.1000 38.3333 37.5000 7.5000
31.0043 103.3849 6.6672 2.8047 111.9674 227.1000 36.8667 37.5000 10.5000
31.0202 103.3675 8.4361 3.4450 110.3135 227.1000 35.4000 37.5000 13.5000
31.0364 103.3498 10.1425 3.9461 109.5223 227.1000 33.9333 37.5000 16.5000
31.0529 103.3318 11.7851 4.1373 110.0240 227.1000 32.4667 37.5000 19.5000
31.0696 103.3135 13.3630 3.9698 111.5873 227.1000 31.0000 37.5000 22.5000
31.0866 103.2949 14.8750 3.5176 113.8576 227.1000 29.5333 37.5000 25.5000
31.1039 103.2760 16.3202 2.9127 116.4137 227.1000 28.0667 37.5000 28.5000
31.1214 103.2569 17.6977 2.2805 118.6612 227.1000 26.6000 37.5000 31.5000
31.1391 103.2375 19.0065 1.7022 119.9904 227.1000 25.1333 37.5000 34.5000
31.1570 103.2179 20.2458 1.2057 119.9917 227.1000 23.6667 37.5000 37.5000
31.1751 103.1980 21.4147 0.7787 118.7806 227.1000 22.2000 37.5000 40.5000
31.1934 103.1779 22.5126 0.3872 117.1497 227.1000 20.7333 37.5000 43.5000
30.9400 103.4119 0.9965 1.1156 104.7153 227.1000 41.2667 40.5000 1.5000
30.9549 103.3956 2.9462 1.2652 123.5200 227.1000 39.8000 40.5000 4.5000
30.9702 103.3789 4.8368 1.6601 128.0630 227.1000 38.3333 40.5000 7.5000
30.9858 103.3619 6.6672 2.2052 123.1488 227.1000 36.8667 40.5000 10.5000
31.0018 103.3445 8.4361 2.8468 117.3453 227.1000 35.4000 40.5000 13.5000
31.0180 103.3268 10.1425 3.3802 113.9496 227.1000 33.9333 40.5000 16.5000
31.0344 103.3088 11.7851 3.6079 112.9051 227.1000 32.4667 40.5000 19.5000
31.0512 103.2905 13.3630 3.4713 113.5802 227.1000 31.0000 40.5000 22.5000
31.0682 103.2719 14.8750 3.0495 115.4595 227.1000 29.5333 40.5000 25.5000
31.0854 103.2530 16.3202 2.4844 118.0800 227.1000 28.0667 40.5000 28.5000
31.1029 103.2339 17.6977 1.9084 120.7953 227.1000 26.6000 40.5000 31.5000
31.1206 103.2145 19.0065 1.4001 122.8344 227.1000 25.1333 40.5000 34.5000
31.1386 103.1949 20.2458 0.9801 123.5235 227.1000 23.6667 40.5000 37.5000
31.1567 103.1750 21.4147 0.6296 122.7489 227.1000 22.2000 40.5000 40.5000
31.1750 103.1549 22.5126 0.3130 121.2603 227.1000 20.7333 40.5000 43.5000
30.9215 103.3889 0.9965 1.0563 149.3473 227.1000 41.2667 43.5000 1.5000
30.9365 103.3726 2.9462 1.1895 157.3593 227.1000 39.8000 43.5000 4.5000
30.9518 103.3559 4.8368 1.4132 150.7902 227.1000 38.3333 43.5000 7.5000
30.9674 103.3389 6.6672 1.7864 137.4076 227.1000 36.8667 43.5000 10.5000
30.9833 103.3215 8.4361 2.3033 125.7293 227.1000 35.4000 43.5000 13.5000
30.9995 103.3038 10.1425 2.7686 118.7383 227.1000 33.9333 43.5000 16.5000
31.0160 103.2858 11.7851 2.9769 115.4974 227.1000 32.4667 43.5000 19.5000
31.0327 103.2675 13.3630 2.8579 114.7773 227.1000 31.0000 43.5000 22.5000
31.0497 103.2489 14.8750 2.4816 115.8102 227.1000 29.5333 43.5000 25.5000
31.0670 103.2301 16.3202 1.9842 118.0801 227.1000 28.0667 43.5000 28.5000
31.0845 103.2109 17.6977 1.4931 120.9333 227.1000 26.6000 43.5000 31.5000
31.1022 103.1915 19.0065 1.0787 123.4661 227.1000 25.1333 43.5000 34.5000
31.1201 103.1719 20.2458 0.7516 124.7155 227.1000 23.6667 43.5000 37.5000
31.1382 103.1520 21.4147 0.4857 124.3088 227.1000 22.2000 43.5000 40.5000
31.1565 103.1319 22.5126 0.2440 122.9471 227.1000 20.7333 43.5000 43.5000
30.9031 103.3660 0.9965 1.1090 159.5773 227.1000 41.2667 46.5000 1.5000
30.9181 103.3497 2.9462 1.1079 167.1239 227.1000 39.8000 46.5000 4.5000
30.9334 103.3330 4.8368 1.2307 162.7891 227.1000 38.3333 46.5000 7.5000
30.9490 103.3159 6.6672 1.4475 148.4573 227.1000 36.8667 46.5000 10.5000
30.9649 103.2986 8.4361 1.7820 133.1928 227.1000 35.4000 46.5000 13.5000
30.9811 103.2809 10.1425 2.1230 122.7167 227.1000 33.9333 46.5000 16.5000
30.9975 103.2629 11.7851 2.2858 117.0445 227.1000 32.4667 46.5000 19.5000
31.0143 103.2446 13.3630 2.1870 114.6513 227.1000 31.0000 46.5000 22.5000
31.0313 103.2260 14.8750 1.8770 114.4770 227.1000 29.5333 46.5000 25.5000
31.0485 103.2071 16.3202 1.4737 115.9250 227.1000 28.0667 46.5000 28.5000
31.0660 103.1879 17.6977 1.0893 118.3741 227.1000 26.6000 46.5000 31.5000
31.0837 103.1686 19.0065 0.7814 120.8672 227.1000 25.1333 46.5000 34.5000
31.1016 103.1489 20.2458 0.5507 122.2277 227.1000 23.6667 46.5000 37.5000
31.1197 103.1290 21.4147 0.3657 121.9251 227.1000 22.2000 46.5000 40.5000
31.1380 103.1090 22.5126 0.1890 120.6605 227.1000 20.7333 46.5000 43.5000
30.8847 103.3430 0.9965 0.9774 157.4029 227.1000 41.2667 49.5000 1.5000
30.8996 103.3267 2.9462 0.9608 150.9505 227.1000 39.8000 49.5000 4.5000
30.9149 103.3100 4.8368 0.9921 155.7946 227.1000 38.3333 49.5000 7.5000
30.9305 103.2930 6.6672 1.0817 150.4367 227.1000 36.8667 49.5000 10.5000
30.9464 103.2756 8.4361 1.2596 136.2213 227.1000 35.4000 49.5000 13.5000
30.9626 103.2579 10.1425 1.4874 123.5838 227.1000 33.9333 49.5000 16.5000
30.9791 103.2399 11.7851 1.6127 115.9855 227.1000 32.4667 49.5000 19.5000
30.9958 103.2216 13.3630 1.5443 112.1317 227.1000 31.0000 49.5000 22.5000
31.0128 103.2030 14.8750 1.3148 110.6615 227.1000 29.5333 49.5000 25.5000
31.0301 103.1841 16.3202 1.0202 110.8712 227.1000 28.0667 49.5000 28.5000
31.0475 103.1650 17.6977 0.7511 112.2038 227.1000 26.6000 49.5000 31.5000
31.0652 103.1456 19.0065 0.5488 113.8254 227.1000 25.1333 49.5000 34.5000
31.0831 103.1259 20.2458 0.4052 114.6901 227.1000 23.6667 49.5000 37.5000
31.1013 103.1061 21.4147 0.2857 114.4069 227.1000 22.2000 49.5000 40.5000
31.1195 103.0860 22.5126 0.1550 113.5597 227.1000 20.7333 49.5000 43.5000
30.8662 103.3201 0.9965 1.0035 152.3394 227.1000 41.2667 52.5000 1.5000
30.8812 103.3037 2.9462 0.9476 145.8479 227.1000 39.8000 52.5000 4.5000
30.8965 103.2871 4.8368 0.7783 147.4098 227.1000 38.3333 52.5000 7.5000
30.9121 103.2700 6.6672 0.7098 144.1160 227.1000 36.8667 52.5000 10.5000
30.9280 103.2527 8.4361 0.7870 130.1931 227.1000 35.4000 52.5000 13.5000
30.9442 103.2350 10.1425 0.9564 117.2142 227.1000 33.9333 52.5000 16.5000
30.9606 103.2170 11.7851 1.0631 109.7113 227.1000 32.4667 52.5000 19.5000
30.9774 103.1986 13.3630 1.0242 105.6501 227.1000 31.0000 52.5000 22.5000
30.9944 103.1801 14.8750 0.8703 103.4318 227.1000 29.5333 52.5000 25.5000
31.0116 103.1612 16.3202 0.6790 102.4195 227.1000 28.0667 52.5000 28.5000
31.0291 103.1420 17.6977 0.5169 102.3079 227.1000 26.6000 52.5000 31.5000
31.0468 103.1226 19.0065 0.4063 102.7573 227.1000 25.1333 52.5000 34.5000
31.0647 103.1030 20.2458 0.3301 103.3173 227.1000 23.6667 52.5000 37.5000
31.0828 103.0831 21.4147 0.2529 103.7229 227.1000 22.2000 52.5000 40.5000
31.1011 103.0630 22.5126 0.1444 103.9534 227.1000 20.7333 52.5000 43.5000
30.8478 103.2971 0.9965 0.7555 141.5126 227.1000 41.2667 55.5000 1.5000
30.8628 103.2808 2.9462 0.6524 147.1486 227.1000 39.8000 55.5000 4.5000
30.8780 103.2641 4.8368 0.4898 147.9957 227.1000 38.3333 55.5000 7.5000
30.8936 103.2471 6.6672 0.3903 132.2229 227.1000 36.8667 55.5000 10.5000
30.9095 103.2297 8.4361 0.4822 110.7368 227.1000 35.4000 55.5000 13.5000
30.9257 103.2120 10.1425 0.6424 101.6655 227.1000 33.9333 55.5000 16.5000
30.9422 103.1940 11.7851 0.7231 97.9896 227.1000 32.4667 55.5000 19.5000
30.9589 103.1757 13.3630 0.6894 95.8494 227.1000 31.0000 55.5000 22.5000
30.9759 103.1571 14.8750 0.5845 94.2668 227.1000 29.5333 55.5000 25.5000
30.9931 103.1382 16.3202 0.4707 93.1593 227.1000 28.0667 55.5000 28.5000
31.0106 103.1191 17.6977 0.3907 92.7313 227.1000 26.6000 55.5000 31.5000
31.0283 103.0997 19.0065 0.3477 93.0560 227.1000 25.1333 55.5000 34.5000
31.0462 103.0800 20.2458 0.3153 93.9301 227.1000 23.6667 55.5000 37.5000
31.0643 103.0602 21.4147 0.2580 95.1505 227.1000 22.2000 55.5000 40.5000
31.0826 103.0401 22.5126 0.1515 96.2548 227.1000 20.7333 55.5000 43.5000
30.8293 103.2742 0.9965 0.5435 95.1560 227.1000 41.2667 58.5000 1.5000
30.8443 103.2579 2.9462 0.3022 147.4299 227.1000 39.8000 58.5000 4.5000
30.8596 103.2412 4.8368 0.1813 162.9573 227.1000 38.3333 58.5000 7.5000
30.8752 103.2241 6.6672 0.1990 107.3399 227.1000 36.8667 58.5000 10.5000
30.8911 103.2068 8.4361 0.3892 90.7088 227.1000 35.4000 58.5000 13.5000
30.9073 103.1891 10.1425 0.5286 90.0000 227.1000 33.9333 58.5000 16.5000
30.9237 103.1711 11.7851 0.5649 90.0000 227.1000 32.4667 58.5000 19.5000
30.9404 103.1528 13.3630 0.5162 90.0000 227.1000 31.0000 58.5000 22.5000
30.9574 103.1342 14.8750 0.4344 90.0000 227.1000 29.5333 58.5000 25.5000
30.9747 103.1153 16.3202 0.3682 90.0000 227.1000 28.0667 58.5000 28.5000
30.9921 103.0961 17.6977 0.3407 90.0000 227.1000 26.6000 58.5000 31.5000
31.0098 103.0767 19.0065 0.3398 90.0000 227.1000 25.1333 58.5000 34.5000
31.0277 103.0571 20.2458 0.3316 90.1475 227.1000 23.6667 58.5000 37.5000
31.0458 103.0372 21.4147 0.2802 91.0364 227.1000 22.2000 58.5000 40.5000
31.0641 103.0172 22.5126 0.1659 92.0946 227.1000 20.7333 58.5000 43.5000
30.8109 103.2513 0.9965 0.2786 90.0000 227.1000 41.2667 61.5000 1.5000
30.8259 103.2349 2.9462 0.0001 90.0000 227.1000 39.8000 61.5000 4.5000
30.8411 103.2183 4.8368 0.0142 90.0000 227.1000 38.3333 61.5000 7.5000
30.8567 103.2012 6.6672 0.1985 90.0000 227.1000 36.8667 61.5000 10.5000
30.8726 103.1839 8.4361 0.3824 90.0000 227.1000 35.4000 61.5000 13.5000
30.8888 103.1662 10.1425 0.4822 90.0000 227.1000 33.9333 61.5000 16.5000
30.9053 103.1482 11.7851 0.4870 90.0000 227.1000 32.4667 61.5000 19.5000
30.9220 103.1298 13.3630 0.4316 90.0000 227.1000 31.0000 61.5000 22.5000
30.9390 103.1112 14.8750 0.3665 90.0000 227.1000 29.5333 61.5000 25.5000
30.9562 103.0924 16.3202 0.3291 90.0000 227.1000 28.0667 61.5000 28.5000
30.9736 103.0732 17.6977 0.3300 90.0000 227.1000 26.6000 61.5000 31.5000
30.9913 103.0538 19.0065 0.3494 90.0000 227.1000 25.1333 61.5000 34.5000
31.0092 103.0342 20.2458 0.3504 90.0000 227.1000 23.6667 61.5000 37.5000
31.0273 103.0143 21.4147 0.2983 90.0000 227.1000 22.2000 61.5000 40.5000
31.0456 102.9942 22.5126 0.1765 90.4714 227.1000 20.7333 61.5000 43.5000
30.7924 103.2284 0.9965 0.0000 0.0000 227.1000 41.2667 64.5000 1.5000
30.8074 103.2120 2.9462 0.0184 90.0000 227.1000 39.8000 64.5000 4.5000
30.8227 103.1953 4.8368 0.1145 90.0000 227.1000 38.3333 64.5000 7.5000
30.8383 103.1783 6.6672 0.2555 90.0000 227.1000 36.8667 64.5000 10.5000
30.8542 103.1609 8.4361 0.3776 90.0000 227.1000 35.4000 64.5000 13.5000
30.8703 103.1432 10.1425 0.4354 90.0000 227.1000 33.9333 64.5000 16.5000
30.8868 103.1252 11.7851 0.4251 90.0000 227.1000 32.4667 64.5000 19.5000
30.9035 103.1069 13.3630 0.3762 90.0000 227.1000 31.0000 64.5000 22.5000
30.9205 103.0883 14.8750 0.3281 90.0000 227.1000 29.5333 64.5000 25.5000
30.9377 103.0694 16.3202 0.3081 90.0000 227.1000 28.0667 64.5000 28.5000
30.9552 103.0503 17.6977 0.3200 90.0000 227.1000 26.6000 64.5000 31.5000
30.9728 103.0309 19.0065 0.3434 90.0000 227.1000 25.1333 64.5000 34.5000
30.9907 103.0113 20.2458 0.3447 90.0000 227.1000 23.6667 64.5000 37.5000
31.0088 102.9914 21.4147 0.2925 90.0000 227.1000 22.2000 64.5000 40.5000
31.0271 102.9713 22.5126 0.1726 90.0645 227.1000 20.7333 64.5000 43.5000
30.7740 103.2055 0.9965 0.0000 0.0000 227.1000 41.2667 67.5000 1.5000
30.7889 103.1891 2.9462 0.0650 90.0000 227.1000 39.8000 67.5000 4.5000
30.8042 103.1724 4.8368 0.1628 90.0000 227.1000 38.3333 67.5000 7.5000
30.8198 103.1554 6.6672 0.2577 90.0000 227.1000 36.8667 67.5000 10.5000
30.8357 103.1380 8.4361 0.3250 90.0000 227.1000 35.4000 67.5000 13.5000
30.8519 103.1203 10.1425 0.3505 90.0000 227.1000 33.9333 67.5000 16.5000
30.8683 103.1023 11.7851 0.3360 90.0000 227.1000 32.4667 67.5000 19.5000
30.8850 103.0840 13.3630 0.3006 90.0000 227.1000 31.0000 67.5000 22.5000
30.9020 103.0654 14.8750 0.2694 90.0000 227.1000 29.5333 67.5000 25.5000
30.9192 103.0465 16.3202 0.2596 90.0000 227.1000 28.0667 67.5000 28.5000
30.9367 103.0274 17.6977 0.2720 90.0000 227.1000 26.6000 67.5000 31.5000
30.9544 103.0080 19.0065 0.2904 90.0000 227.1000 25.1333 67.5000 34.5000
30.9722 102.9883 20.2458 0.2893 90.0000 227.1000 23.6667 67.5000 37.5000
30.9903 102.9685 21.4147 0.2446 90.0000 227.1000 22.2000 67.5000 40.5000
31.0086 102.9484 22.5126 0.1445 90.0000 227.1000 20.7333 67.5000 43.5000
30.7555 103.1826 0.9965 0.0201 90.0000 227.1000 41.2667 70.5000 1.5000
30.7705 103.1662 2.9462 0.0606 90.0000 227.1000 39.8000 70.5000 4.5000
30.7858 103.1495 4.8368 0.1182 90.0000 227.1000 38.3333 70.5000 7.5000
30.8013 103.1325 6.6672 0.1670 90.0000 227.1000 36.8667 70.5000 10.5000
30.8172 103.1151 8.4361 0.1961 90.0000 227.1000 35.4000 70.5000 13.5000
30.8334 103.0974 10.1425 0.2038 90.0000 227.1000 33.9333 70.5000 16.5000
30.8498 103.0794 11.7851 0.1935 90.0000 227.1000 32.4667 70.5000 19.5000
30.8665 103.0611 13.3630 0.1747 90.0000 227.1000 31.0000 70.5000 22.5000
30.8835 103.0425 14.8750 0.1593 90.0000 227.1000 29.5333 70.5000 25.5000
30.9007 103.0236 16.3202 0.1554 90.0000 227.1000 28.0667 70.5000 28.5000
30.9182 103.0045 17.6977 0.1627 90.0000 227.1000 26.6000 70.5000 31.5000
30.9359 102.9851 19.0065 0.1723 90.0000 227.1000 25.1333 70.5000 34.5000
30.9537 102.9654 20.2458 0.1706 90.0000 227.1000 23.6667 70.5000 37.5000
30.9718 102.9456 21.4147 0.1441 90.0000 227.1000 22.2000 70.5000 40.5000
30.9901 102.9255 22.5126 0.0856 90.0000 227.1000 20.7333 70.5000 43.5000
