31.6083 104.1812 1.2888 1.0021 164.8932 223.9000 58.4615 1.5000 1.5000
31.6185 104.1687 3.8023 0.9866 153.6134 223.9000 55.3846 1.5000 4.5000
31.6295 104.1552 6.2243 0.8933 139.4600 223.9000 52.3077 1.5000 7.5000
31.6413 104.1408 8.5479 0.7762 124.7880 223.9000 49.2308 1.5000 10.5000
31.6539 104.1254 10.7662 0.6682 110.9837 223.9000 46.1538 1.5000 13.5000
31.6672 104.1092 12.8730 0.5698 99.7969 223.9000 43.0769 1.5000 16.5000
31.6812 104.0920 14.8621 0.4681 92.6392 223.9000 40.0000 1.5000 19.5000
31.6958 104.0741 16.7279 0.3585 90.0000 223.9000 36.9231 1.5000 22.5000
31.7111 104.0555 18.4649 0.2499 90.0000 223.9000 33.8462 1.5000 25.5000
31.7269 104.0362 20.0681 0.1550 90.0000 223.9000 30.7692 1.5000 28.5000
31.7431 104.0162 21.5329 0.0827 90.0000 223.9000 27.6923 1.5000 31.5000
31.7599 103.9956 22.8551 0.0362 90.0000 223.9000 24.6154 1.5000 34.5000
31.7771 103.9746 24.0308 0.0118 90.0000 223.9000 21.5385 1.5000 37.5000
31.5888 104.1592 1.2888 2.0964 161.2776 223.9000 58.4615 4.5000 1.5000
31.5990 104.1468 3.8023 1.9481 150.1467 223.9000 55.3846 4.5000 4.5000
31.6101 104.1333 6.2243 1.7405 137.3345 223.9000 52.3077 4.5000 7.5000
31.6219 104.1188 8.5479 1.5113 124.0945 223.9000 49.2308 4.5000 10.5000
31.6345 104.1035 10.7662 1.2956 111.3166 223.9000 46.1538 4.5000 13.5000
31.6478 104.0872 12.8730 1.0948 100.5437 223.9000 43.0769 4.5000 16.5000
31.6617 104.0701 14.8621 0.8904 93.1792 223.9000 40.0000 4.5000 19.5000
31.6764 104.0522 16.7279 0.6761 90.0000 223.9000 36.9231 4.5000 22.5000
31.6916 104.0335 18.4649 0.4676 90.0000 223.9000 33.8462 4.5000 25.5000
31.7074 104.0142 20.0681 0.2877 90.0000 223.9000 30.7692 4.5000 28.5000
31.7237 103.9942 21.5329 0.1520 90.0000 223.9000 27.6923 4.5000 31.5000
31.7404 103.9737 22.8551 0.0653 90.0000 223.9000 24.6154 4.5000 34.5000
31.7576 103.9526 24.0308 0.0205 90.0000 223.9000 21.5385 4.5000 37.5000
31.5694 104.1373 1.2888 3.1591 149.0115 223.9000 58.4615 7.5000 1.5000
31.5796 104.1248 3.8023 2.9183 143.6300 223.9000 55.3846 7.5000 4.5000
31.5906 104.1113 6.2243 2.5664 134.5917 223.9000 52.3077 7.5000 7.5000
31.6024 104.0969 8.5479 2.2008 123.5749 223.9000 49.2308 7.5000 10.5000
31.6150 104.0815 10.7662 1.8621 112.1801 223.9000 46.1538 7.5000 13.5000
31.6283 104.0653 12.8730 1.5469 101.9824 223.9000 43.0769 7.5000 16.5000
31.6423 104.0481 14.8621 1.2367 94.3130 223.9000 40.0000 7.5000 19.5000
31.6569 104.0302 16.7279 0.9259 90.1924 223.9000 36.9231 7.5000 22.5000
31.6721 104.0116 18.4649 0.6323 90.0000 223.9000 33.8462 7.5000 25.5000
31.6879 103.9922 20.0681 0.3841 90.0000 223.9000 30.7692 7.5000 28.5000
31.7042 103.9723 21.5329 0.2000 90.0000 223.9000 27.6923 7.5000 31.5000
31.7210 103.9517 22.8551 0.0840 90.0000 223.9000 24.6154 7.5000 34.5000
31.7381 103.9307 24.0308 0.0254 90.0000 223.9000 21.5385 7.5000 37.5000
31.5499 104.1153 1.2888 4.1762 141.8891 223.9000 58.4615 10.5000 1.5000
31.5601 104.1029 3.8023 3.8428 138.6322 223.9000 55.3846 10.5000 4.5000
31.5711 104.0894 6.2243 3.3531 132.2428 223.9000 52.3077 10.5000 7.5000
31.5830 104.0750 8.5479 2.8398 123.5379 223.9000 49.2308 10.5000 10.5000
31.5955 104.0596 10.7662 2.3573 113.8052 223.9000 46.1538 10.5000 13.5000
31.6088 104.0433 12.8730 1.9102 104.3586 223.9000 43.0769 10.5000 16.5000
31.6228 104.0262 14.8621 1.4889 96.4094 223.9000 40.0000 10.5000 19.5000
31.6374 104.0083 16.7279 1.0913 91.2264 223.9000 36.9231 10.5000 22.5000
31.6527 103.9897 18.4649 0.7319 90.0000 223.9000 33.8462 10.5000 25.5000
31.6684 103.9703 20.0681 0.4363 90.0000 223.9000 30.7692 10.5000 28.5000
31.6847 103.9503 21.5329 0.2222 90.0000 223.9000 27.6923 10.5000 31.5000
31.7015 103.9298 22.8551 0.0905 90.0000 223.9000 24.6154 10.5000 34.5000
31.7186 103.9087 24.0308 0.0261 90.0000 223.9000 21.5385 10.5000 37.5000
31.5305 104.0934 1.2888 4.9739 138.2493 223.9000 58.4615 13.5000 1.5000
31.5407 104.0809 3.8023 4.6064 135.8385 223.9000 55.3846 13.5000 4.5000
31.5517 104.0675 6.2243 4.0319 131.0730 223.9000 52.3077 13.5000 7.5000
31.5635 104.0530 8.5479 3.3924 124.3179 223.9000 49.2308 13.5000 10.5000
31.5761 104.0376 10.7662 2.7628 116.2784 223.9000 46.1538 13.5000 13.5000
31.5894 104.0214 12.8730 2.1741 107.7453 223.9000 43.0769 13.5000 16.5000
31.6033 104.0043 14.8621 1.6395 99.6168 223.9000 40.0000 13.5000 19.5000
31.6180 103.9864 16.7279 1.1663 93.1461 223.9000 36.9231 13.5000 22.5000
31.6332 103.9677 18.4649 0.7624 90.0000 223.9000 33.8462 13.5000 25.5000
31.6490 103.9484 20.0681 0.4422 90.0000 223.9000 30.7692 13.5000 28.5000
31.6652 103.9284 21.5329 0.2175 90.0000 223.9000 27.6923 13.5000 31.5000
31.6820 103.9079 22.8551 0.0841 90.0000 223.9000 24.6154 13.5000 34.5000
31.6991 103.8868 24.0308 0.0223 90.0000 223.9000 21.5385 13.5000 37.5000
31.5110 104.0715 1.2888 5.5017 136.5254 223.9000 58.4615 16.5000 1.5000
31.5212 104.0590 3.8023 5.1385 134.7037 223.9000 55.3846 16.5000 4.5000
31.5322 104.0455 6.2243 4.5304 131.1206 223.9000 52.3077 16.5000 7.5000
31.5440 104.0311 8.5479 3.8031 125.9426 223.9000 49.2308 16.5000 10.5000
31.5566 104.0157 10.7662 3.0480 119.4507 223.9000 46.1538 16.5000 13.5000
31.5699 103.9995 12.8730 2.3298 111.9451 223.9000 43.0769 16.5000 16.5000
31.5839 103.9824 14.8621 1.6920 103.8755 223.9000 40.0000 16.5000 19.5000
31.5985 103.9644 16.7279 1.1569 96.1735 223.9000 36.9231 16.5000 22.5000
31.6137 103.9458 18.4649 0.7291 90.6616 223.9000 33.8462 16.5000 25.5000
31.6295 103.9265 20.0681 0.4061 90.0000 223.9000 30.7692 16.5000 28.5000
31.6457 103.9065 21.5329 0.1887 90.0000 223.9000 27.6923 16.5000 31.5000
31.6625 103.8859 22.8551 0.0665 90.0000 223.9000 24.6154 16.5000 34.5000
31.6796 103.8649 24.0308 0.0147 90.0000 223.9000 21.5385 16.5000 37.5000
31.4915 104.0496 1.2888 5.7657 135.9534 223.9000 58.4615 19.5000 1.5000
31.5017 104.0371 3.8023 5.4180 134.6241 223.9000 55.3846 19.5000 4.5000
31.5127 104.0236 6.2243 4.8039 131.9903 223.9000 52.3077 19.5000 7.5000
31.5246 104.0092 8.5479 4.0270 128.0893 223.9000 49.2308 19.5000 10.5000
31.5371 103.9938 10.7662 3.1874 122.9519 223.9000 46.1538 19.5000 13.5000
31.5504 103.9776 12.8730 2.3752 116.5502 223.9000 43.0769 19.5000 16.5000
31.5644 103.9604 14.8621 1.6602 108.9033 223.9000 40.0000 19.5000 19.5000
31.5790 103.9425 16.7279 1.0819 100.4387 223.9000 36.9231 19.5000 22.5000
31.5942 103.9239 18.4649 0.6473 92.8269 223.9000 33.8462 19.5000 25.5000
31.6100 103.9046 20.0681 0.3396 90.0000 223.9000 30.7692 19.5000 28.5000
31.6263 103.8846 21.5329 0.1438 90.0000 223.9000 27.6923 19.5000 31.5000
31.6430 103.8640 22.8551 0.0423 90.0000 223.9000 24.6154 19.5000 34.5000
31.6601 103.8430 24.0308 0.0058 90.0000 223.9000 21.5385 19.5000 37.5000
31.4721 104.0277 1.2888 5.7952 136.1635 223.9000 58.4615 22.5000 1.5000
31.4823 104.0152 3.8023 5.4604 135.1918 223.9000 55.3846 22.5000 4.5000
31.4933 104.0017 6.2243 4.8518 133.2652 223.9000 52.3077 22.5000 7.5000
31.5051 103.9873 8.5479 4.0581 130.3628 223.9000 49.2308 22.5000 10.5000
31.5176 103.9719 10.7662 3.1809 126.3836 223.9000 46.1538 22.5000 13.5000
31.5309 103.9556 12.8730 2.3223 121.1109 223.9000 43.0769 22.5000 16.5000
31.5449 103.9385 14.8621 1.5671 114.2419 223.9000 40.0000 22.5000 19.5000
31.5595 103.9206 16.7279 0.9687 105.6146 223.9000 36.9231 22.5000 22.5000
31.5747 103.9020 18.4649 0.5418 96.1470 223.9000 33.8462 22.5000 25.5000
31.5905 103.8827 20.0681 0.2615 90.0000 223.9000 30.7692 22.5000 28.5000
31.6068 103.8627 21.5329 0.0959 90.0000 223.9000 27.6923 22.5000 31.5000
31.6235 103.8421 22.8551 0.0197 90.0000 223.9000 24.6154 22.5000 34.5000
31.6406 103.8211 24.0308 0.0000 0.0000 223.9000 21.5385 22.5000 37.5000
31.4526 104.0058 1.2888 5.6392 137.0036 223.9000 58.4615 25.5000 1.5000
31.4628 103.9933 3.8023 5.3151 136.2564 223.9000 55.3846 25.5000 4.5000
31.4738 103.9798 6.2243 4.7197 134.7905 223.9000 52.3077 25.5000 7.5000
31.4856 103.9654 8.5479 3.9346 132.5938 223.9000 49.2308 25.5000 10.5000
31.4982 103.9500 10.7662 3.0595 129.5266 223.9000 46.1538 25.5000 13.5000
31.5115 103.9338 12.8730 2.1983 125.2808 223.9000 43.0769 25.5000 16.5000
31.5254 103.9166 14.8621 1.4406 119.3421 223.9000 40.0000 25.5000 19.5000
31.5400 103.8987 16.7279 0.8476 111.0026 223.9000 36.9231 25.5000 22.5000
31.5552 103.8801 18.4649 0.4415 100.0321 223.9000 33.8462 25.5000 25.5000
31.5710 103.8608 20.0681 0.1956 90.0000 223.9000 30.7692 25.5000 28.5000
31.5873 103.8408 21.5329 0.0622 90.0000 223.9000 27.6923 25.5000 31.5000
31.6040 103.8202 22.8551 0.0083 90.0000 223.9000 24.6154 25.5000 34.5000
31.6211 103.7992 24.0308 0.0000 0.0000 223.9000 21.5385 25.5000 37.5000
31.4331 103.9839 1.2888 5.3567 138.3737 223.9000 58.4615 28.5000 1.5000
31.4433 103.9714 3.8023 5.0450 137.7406 223.9000 55.3846 28.5000 4.5000
31.4543 103.9580 6.2243 4.4713 136.5297 223.9000 52.3077 28.5000 7.5000
31.4661 103.9435 8.5479 3.7142 134.7640 223.9000 49.2308 28.5000 10.5000
31.4787 103.9281 10.7662 2.8701 132.3162 223.9000 46.1538 28.5000 13.5000
31.4920 103.9119 12.8730 2.0390 128.8243 223.9000 43.0769 28.5000 16.5000
31.5059 103.8948 14.8621 1.3096 123.5945 223.9000 40.0000 28.5000 19.5000
31.5205 103.8769 16.7279 0.7460 115.4450 223.9000 36.9231 28.5000 22.5000
31.5357 103.8582 18.4649 0.3749 103.1159 223.9000 33.8462 28.5000 25.5000
31.5515 103.8389 20.0681 0.1674 90.0000 223.9000 30.7692 28.5000 28.5000
31.5678 103.8189 21.5329 0.0623 90.0000 223.9000 27.6923 28.5000 31.5000
31.5845 103.7984 22.8551 0.0198 90.0000 223.9000 24.6154 28.5000 34.5000
31.6016 103.7773 24.0308 0.0073 90.0000 223.9000 21.5385 28.5000 37.5000
31.4136 103.9620 1.2888 5.0044 140.1369 223.9000 58.4615 31.5000 1.5000
31.4238 103.9495 3.8023 4.7076 139.4838 223.9000 55.3846 31.5000 4.5000
31.4348 103.9361 6.2243 4.1656 138.3445 223.9000 52.3077 31.5000 7.5000
31.4466 103.9216 8.5479 3.4534 136.7979 223.9000 49.2308 31.5000 10.5000
31.4592 103.9063 10.7662 2.6599 134.6763 223.9000 46.1538 31.5000 13.5000
31.4725 103.8900 12.8730 1.8796 131.4790 223.9000 43.0769 31.5000 16.5000
31.4864 103.8729 14.8621 1.2003 126.2248 223.9000 40.0000 31.5000 19.5000
31.5010 103.8550 16.7279 0.6872 117.2406 223.9000 36.9231 31.5000 22.5000
31.5162 103.8363 18.4649 0.3662 103.1526 223.9000 33.8462 31.5000 25.5000
31.5320 103.8170 20.0681 0.1988 90.0000 223.9000 30.7692 31.5000 28.5000
31.5482 103.7970 21.5329 0.1133 90.0000 223.9000 27.6923 31.5000 31.5000
31.5650 103.7765 22.8551 0.0683 90.0000 223.9000 24.6154 31.5000 34.5000
31.5821 103.7554 24.0308 0.0356 90.0000 223.9000 21.5385 31.5000 37.5000
31.3942 103.9401 1.2888 4.6312 142.0543 223.9000 58.4615 34.5000 1.5000
31.4043 103.9277 3.8023 4.3544 141.3035 223.9000 55.3846 34.5000 4.5000
31.4154 103.9142 6.2243 3.8549 140.0967 223.9000 52.3077 34.5000 7.5000
31.4272 103.8998 8.5479 3.1979 138.5722 223.9000 49.2308 34.5000 10.5000
31.4397 103.8844 10.7662 2.4644 136.3945 223.9000 46.1538 34.5000 13.5000
31.4530 103.8681 12.8730 1.7470 132.7417 223.9000 43.0769 34.5000 16.5000
31.4669 103.8510 14.8621 1.1345 126.1845 223.9000 40.0000 34.5000 19.5000
31.4815 103.8331 16.7279 0.6920 114.8830 223.9000 36.9231 34.5000 22.5000
31.4967 103.8145 18.4649 0.4353 99.7717 223.9000 33.8462 34.5000 25.5000
31.5125 103.7951 20.0681 0.3044 90.0001 223.9000 30.7692 34.5000 28.5000
31.5287 103.7752 21.5329 0.2252 90.0000 223.9000 27.6923 34.5000 31.5000
31.5455 103.7546 22.8551 0.1604 90.0000 223.9000 24.6154 34.5000 34.5000
31.5626 103.7336 24.0308 0.0874 90.0000 223.9000 21.5385 34.5000 37.5000
31.3747 103.9183 1.2888 4.2554 143.5011 223.9000 58.4615 37.5000 1.5000
31.3849 103.9058 3.8023 4.0078 142.7957 223.9000 55.3846 37.5000 4.5000
31.3959 103.8924 6.2243 3.5603 141.5362 223.9000 52.3077 37.5000 7.5000
31.4077 103.8779 8.5479 2.9645 139.7709 223.9000 49.2308 37.5000 10.5000
31.4202 103.8625 10.7662 2.2979 136.8781 223.9000 46.1538 37.5000 13.5000
31.4335 103.8463 12.8730 1.6572 131.6319 223.9000 43.0769 37.5000 16.5000
31.4474 103.8292 14.8621 1.1339 122.4202 223.9000 40.0000 37.5000 19.5000
31.4620 103.8113 16.7279 0.7845 108.8514 223.9000 36.9231 37.5000 22.5000
31.4772 103.7926 18.4649 0.5957 95.6582 223.9000 33.8462 37.5000 25.5000
31.4930 103.7733 20.0681 0.4870 90.0000 223.9000 30.7692 37.5000 28.5000
31.5092 103.7533 21.5329 0.3957 90.0000 223.9000 27.6923 37.5000 31.5000
31.5259 103.7328 22.8551 0.2917 90.0000 223.9000 24.6154 37.5000 34.5000
31.5431 103.7117 24.0308 0.1589 90.0000 223.9000 21.5385 37.5000 37.5000
31.3552 103.8964 1.2888 3.8701 143.6767 223.9000 58.4615 40.5000 1.5000
31.3654 103.8840 3.8023 3.6592 143.2815 223.9000 55.3846 40.5000 4.5000
31.3764 103.8705 6.2243 3.2716 142.0125 223.9000 52.3077 40.5000 7.5000
31.3882 103.8561 8.5479 2.7430 139.4914 223.9000 49.2308 40.5000 10.5000
31.4007 103.8407 10.7662 2.1597 134.7917 223.9000 46.1538 40.5000 13.5000
31.4140 103.8244 12.8730 1.6275 126.7231 223.9000 43.0769 40.5000 16.5000
31.4279 103.8073 14.8621 1.2297 114.9076 223.9000 40.0000 40.5000 19.5000
31.4425 103.7894 16.7279 0.9866 101.9162 223.9000 36.9231 40.5000 22.5000
31.4577 103.7708 18.4649 0.8464 92.7680 223.9000 33.8462 40.5000 25.5000
31.4735 103.7514 20.0681 0.7348 90.0000 223.9000 30.7692 40.5000 28.5000
31.4897 103.7315 21.5329 0.6091 90.0000 223.9000 27.6923 40.5000 31.5000
31.5064 103.7109 22.8551 0.4477 90.0000 223.9000 24.6154 40.5000 34.5000
31.5235 103.6899 24.0308 0.2414 90.0000 223.9000 21.5385 40.5000 37.5000
31.3357 103.8746 1.2888 3.4982 143.8070 223.9000 58.4615 43.5000 1.5000
31.3459 103.8621 3.8023 3.3237 143.2157 223.9000 55.3846 43.5000 4.5000
31.3569 103.8487 6.2243 2.9768 141.0001 223.9000 52.3077 43.5000 7.5000
31.3687 103.8342 8.5479 2.5233 136.1722 223.9000 49.2308 43.5000 10.5000
31.3812 103.8189 10.7662 2.0688 128.1444 223.9000 46.1538 43.5000 13.5000
31.3945 103.8026 12.8730 1.7051 117.2774 223.9000 43.0769 43.5000 16.5000
31.4084 103.7855 14.8621 1.4618 105.7475 223.9000 40.0000 43.5000 19.5000
31.4230 103.7676 16.7279 1.3011 96.5862 223.9000 36.9231 43.5000 22.5000
31.4382 103.7489 18.4649 1.1676 91.4390 223.9000 33.8462 43.5000 25.5000
31.4539 103.7296 20.0681 1.0200 90.0000 223.9000 30.7692 43.5000 28.5000
31.4702 103.7096 21.5329 0.8368 90.0000 223.9000 27.6923 43.5000 31.5000
31.4869 103.6891 22.8551 0.6054 90.0000 223.9000 24.6154 43.5000 34.5000
31.5040 103.6680 24.0308 0.3221 90.0000 223.9000 21.5385 43.5000 37.5000
31.3162 103.8528 1.2888 3.1396 147.7157 223.9000 58.4615 46.5000 1.5000
31.3264 103.8403 3.8023 2.9591 144.6606 223.9000 55.3846 46.5000 4.5000
31.3374 103.8268 6.2243 2.6473 137.9665 223.9000 52.3077 46.5000 7.5000
31.3492 103.8124 8.5479 2.3385 127.7822 223.9000 49.2308 46.5000 10.5000
31.3617 103.7970 10.7662 2.1142 116.0967 223.9000 46.1538 46.5000 13.5000
31.3750 103.7808 12.8730 1.9674 105.6146 223.9000 43.0769 46.5000 16.5000
31.3889 103.7637 14.8621 1.8437 98.0223 223.9000 40.0000 46.5000 19.5000
31.4035 103.7458 16.7279 1.6982 93.5569 223.9000 36.9231 46.5000 22.5000
31.4187 103.7271 18.4649 1.5178 91.6637 223.9000 33.8462 46.5000 25.5000
31.4344 103.7078 20.0681 1.3001 91.5249 223.9000 30.7692 46.5000 28.5000
31.4507 103.6878 21.5329 1.0424 92.1299 223.9000 27.6923 46.5000 31.5000
31.4674 103.6673 22.8551 0.7389 92.7168 223.9000 24.6154 46.5000 34.5000
31.4845 103.6462 24.0308 0.3875 92.9990 223.9000 21.5385 46.5000 37.5000
31.2967 103.8309 1.2888 2.7619 157.0447 223.9000 58.4615 49.5000 1.5000
31.3069 103.8185 3.8023 2.4945 147.5293 223.9000 55.3846 49.5000 4.5000
31.3179 103.8050 6.2243 2.2976 130.5623 223.9000 52.3077 49.5000 7.5000
31.3296 103.7906 8.5479 2.3228 113.7798 223.9000 49.2308 49.5000 10.5000
31.3422 103.7752 10.7662 2.4178 102.5339 223.9000 46.1538 49.5000 13.5000
31.3555 103.7589 12.8730 2.4315 96.2887 223.9000 43.0769 49.5000 16.5000
31.3694 103.7418 14.8621 2.3219 93.2976 223.9000 40.0000 49.5000 19.5000
31.3840 103.7239 16.7279 2.1097 92.4610 223.9000 36.9231 49.5000 22.5000
31.3992 103.7053 18.4649 1.8353 93.0606 223.9000 33.8462 49.5000 25.5000
31.4149 103.6860 20.0681 1.5263 94.5081 223.9000 30.7692 49.5000 28.5000
31.4311 103.6660 21.5329 1.1918 96.2260 223.9000 27.6923 49.5000 31.5000
31.4478 103.6454 22.8551 0.8278 97.6992 223.9000 24.6154 49.5000 34.5000
31.4650 103.6244 24.0308 0.4285 98.5984 223.9000 21.5385 49.5000 37.5000
31.2772 103.8091 1.2888 2.2732 169.4496 223.9000 58.4615 52.5000 1.5000
31.2874 103.7967 3.8023 1.9055 146.9921 223.9000 55.3846 52.5000 4.5000
31.2984 103.7832 6.2243 2.1027 115.9717 223.9000 52.3077 52.5000 7.5000
31.3101 103.7688 8.5479 2.6185 99.6532 223.9000 49.2308 52.5000 10.5000
31.3227 103.7534 10.7662 2.9438 93.4285 223.9000 46.1538 52.5000 13.5000
31.3359 103.7371 12.8730 2.9715 91.3877 223.9000 43.0769 52.5000 16.5000
31.3499 103.7200 14.8621 2.7688 91.3104 223.9000 40.0000 52.5000 19.5000
31.3645 103.7021 16.7279 2.4330 92.6611 223.9000 36.9231 52.5000 22.5000
31.3796 103.6835 18.4649 2.0451 95.0972 223.9000 33.8462 52.5000 25.5000
31.3954 103.6641 20.0681 1.6497 98.1784 223.9000 30.7692 52.5000 28.5000
31.4116 103.6442 21.5329 1.2577 101.3354 223.9000 27.6923 52.5000 31.5000
31.4283 103.6236 22.8551 0.8592 103.9914 223.9000 24.6154 52.5000 34.5000
31.4454 103.6026 24.0308 0.4406 105.7215 223.9000 21.5385 52.5000 37.5000
31.2577 103.7873 1.2888 1.4664 173.6709 223.9000 58.4615 55.5000 1.5000
31.2679 103.7749 3.8023 1.4208 131.6535 223.9000 55.3846 55.5000 4.5000
31.2788 103.7614 6.2243 2.2686 100.3604 223.9000 52.3077 55.5000 7.5000
31.2906 103.7470 8.5479 3.0875 91.9156 223.9000 49.2308 55.5000 10.5000
31.3032 103.7316 10.7662 3.4338 90.0000 223.9000 46.1538 55.5000 13.5000
31.3164 103.7153 12.8730 3.3546 90.0000 223.9000 43.0769 55.5000 16.5000
31.3303 103.6982 14.8621 3.0111 91.0701 223.9000 40.0000 55.5000 19.5000
31.3449 103.6803 16.7279 2.5507 93.5715 223.9000 36.9231 55.5000 22.5000
31.3601 103.6617 18.4649 2.0741 97.3678 223.9000 33.8462 55.5000 25.5000
31.3758 103.6423 20.0681 1.6289 101.9964 223.9000 30.7692 55.5000 28.5000
31.3921 103.6224 21.5329 1.2192 106.7183 223.9000 27.6923 55.5000 31.5000
31.4088 103.6018 22.8551 0.8246 110.7246 223.9000 24.6154 55.5000 34.5000
31.4259 103.5808 24.0308 0.4211 113.3958 223.9000 21.5385 55.5000 37.5000
31.2382 103.7655 1.2888 1.0900 172.7021 223.9000 58.4615 58.5000 1.5000
31.2483 103.7531 3.8023 1.3709 112.8304 223.9000 55.3846 58.5000 4.5000
31.2593 103.7396 6.2243 2.5550 92.6227 223.9000 52.3077 58.5000 7.5000
31.2711 103.7252 8.5479 3.3453 90.0000 223.9000 49.2308 58.5000 10.5000
31.2836 103.7098 10.7662 3.5520 90.0000 223.9000 46.1538 58.5000 13.5000
31.2969 103.6935 12.8730 3.3321 90.1058 223.9000 43.0769 58.5000 16.5000
31.3108 103.6764 14.8621 2.8846 91.5844 223.9000 40.0000 58.5000 19.5000
31.3254 103.6585 16.7279 2.3658 94.7810 223.9000 36.9231 58.5000 22.5000
31.3406 103.6399 18.4649 1.8707 99.6223 223.9000 33.8462 58.5000 25.5000
31.3563 103.6206 20.0681 1.4387 105.6259 223.9000 30.7692 58.5000 28.5000
31.3725 103.6006 21.5329 1.0644 111.8540 223.9000 27.6923 58.5000 31.5000
31.3892 103.5800 22.8551 0.7176 117.1984 223.9000 24.6154 58.5000 34.5000
31.4063 103.5590 24.0308 0.3671 120.8024 223.9000 21.5385 58.5000 37.5000
31.2187 103.7437 1.2888 1.0601 180.0000 223.9000 58.4615 61.5000 1.5000
31.2288 103.7313 3.8023 1.3665 108.1372 223.9000 55.3846 61.5000 4.5000
31.2398 103.7178 6.2243 2.4438 91.5115 223.9000 52.3077 61.5000 7.5000
31.2516 103.7034 8.5479 2.9892 90.0000 223.9000 49.2308 61.5000 10.5000
31.2641 103.6880 10.7662 3.0225 90.0000 223.9000 46.1538 61.5000 13.5000
31.2774 103.6717 12.8730 2.7341 90.5159 223.9000 43.0769 61.5000 16.5000
31.2913 103.6546 14.8621 2.2983 92.3514 223.9000 40.0000 61.5000 19.5000
31.3059 103.6367 16.7279 1.8386 96.0277 223.9000 36.9231 61.5000 22.5000
31.3210 103.6181 18.4649 1.4238 101.6539 223.9000 33.8462 61.5000 25.5000
31.3368 103.5988 20.0681 1.0792 108.7869 223.9000 30.7692 61.5000 28.5000
31.3530 103.5788 21.5329 0.7940 116.3111 223.9000 27.6923 61.5000 31.5000
31.3697 103.5583 22.8551 0.5367 122.8231 223.9000 24.6154 61.5000 34.5000
31.3868 103.5372 24.0308 0.2763 127.2553 223.9000 21.5385 61.5000 37.5000
31.1991 103.7220 1.2888 0.6973 163.2536 223.9000 58.4615 64.5000 1.5000
31.2093 103.7095 3.8023 0.9838 111.3970 223.9000 55.3846 64.5000 4.5000
31.2203 103.6960 6.2243 1.5458 93.5768 223.9000 52.3077 64.5000 7.5000
31.2321 103.6816 8.5479 1.8021 90.1230 223.9000 49.2308 64.5000 10.5000
31.2446 103.6662 10.7662 1.7641 90.0000 223.9000 46.1538 64.5000 13.5000
31.2578 103.6500 12.8730 1.5565 90.8660 223.9000 43.0769 64.5000 16.5000
31.2718 103.6329 14.8621 1.2828 93.0243 223.9000 40.0000 64.5000 19.5000
31.2863 103.6150 16.7279 1.0099 97.0441 223.9000 36.9231 64.5000 22.5000
31.3015 103.5963 18.4649 0.7718 103.2092 223.9000 33.8462 64.5000 25.5000
31.3172 103.5770 20.0681 0.5800 111.1477 223.9000 30.7692 64.5000 28.5000
31.3334 103.5570 21.5329 0.4262 119.6192 223.9000 27.6923 64.5000 31.5000
31.3501 103.5365 22.8551 0.2898 126.9980 223.9000 24.6154 64.5000 34.5000
31.3672 103.5154 24.0308 0.1506 132.0954 223.9000 21.5385 64.5000 37.5000
