32.6359 105.4278 1.2888 0.8180 114.9392 228.8000 58.4615 1.5000 1.5000
32.6470 105.4163 3.8023 0.7493 114.7604 228.8000 55.3846 1.5000 4.5000
32.6590 105.4039 6.2243 0.6233 114.2572 228.8000 52.3077 1.5000 7.5000
32.6718 105.3905 8.5479 0.4589 115.8739 228.8000 49.2308 1.5000 10.5000
32.6854 105.3763 10.7662 0.2975 123.3888 228.8000 46.1538 1.5000 13.5000
32.6999 105.3613 12.8730 0.1832 142.6436 228.8000 43.0769 1.5000 16.5000
32.7151 105.3454 14.8621 0.1402 168.9839 228.8000 40.0000 1.5000 19.5000
32.7309 105.3289 16.7279 0.1327 180.0000 228.8000 36.9231 1.5000 22.5000
32.7475 105.3116 18.4649 0.1280 180.0000 228.8000 33.8462 1.5000 25.5000
32.7646 105.2937 20.0681 0.1207 180.0000 228.8000 30.7692 1.5000 28.5000
32.7823 105.2753 21.5329 0.1073 180.0000 228.8000 27.6923 1.5000 31.5000
32.8005 105.2563 22.8551 0.0838 180.0000 228.8000 24.6154 1.5000 34.5000
32.8191 105.2368 24.0308 0.0475 180.0000 228.8000 21.5385 1.5000 37.5000
32.6181 105.4038 1.2888 1.3416 114.5648 228.8000 58.4615 4.5000 1.5000
32.6292 105.3922 3.8023 1.2080 115.0651 228.8000 55.3846 4.5000 4.5000
32.6412 105.3798 6.2243 1.0019 115.3748 228.8000 52.3077 4.5000 7.5000
32.6540 105.3664 8.5479 0.7502 117.7861 228.8000 49.2308 4.5000 10.5000
32.6677 105.3522 10.7662 0.5007 125.9981 228.8000 46.1538 4.5000 13.5000
32.6821 105.3372 12.8730 0.3213 144.7906 228.8000 43.0769 4.5000 16.5000
32.6973 105.3213 14.8621 0.2493 168.9611 228.8000 40.0000 4.5000 19.5000
32.7131 105.3048 16.7279 0.2321 180.0000 228.8000 36.9231 4.5000 22.5000
32.7297 105.2875 18.4649 0.2214 180.0000 228.8000 33.8462 4.5000 25.5000
32.7468 105.2696 20.0681 0.2080 180.0000 228.8000 30.7692 4.5000 28.5000
32.7645 105.2512 21.5329 0.1853 180.0000 228.8000 27.6923 4.5000 31.5000
32.7827 105.2322 22.8551 0.1453 180.0000 228.8000 24.6154 4.5000 34.5000
32.8013 105.2127 24.0308 0.0825 180.0000 228.8000 21.5385 4.5000 37.5000
32.6003 105.3797 1.2888 1.4836 115.3456 228.8000 58.4615 7.5000 1.5000
32.6114 105.3681 3.8023 1.3394 115.6103 228.8000 55.3846 7.5000 4.5000
32.6234 105.3557 6.2243 1.1170 116.7336 228.8000 52.3077 7.5000 7.5000
32.6362 105.3423 8.5479 0.8473 120.6159 228.8000 49.2308 7.5000 10.5000
32.6499 105.3281 10.7662 0.5808 130.2734 228.8000 46.1538 7.5000 13.5000
32.6643 105.3131 12.8730 0.3899 148.9747 228.8000 43.0769 7.5000 16.5000
32.6795 105.2972 14.8621 0.3075 170.4328 228.8000 40.0000 7.5000 19.5000
32.6953 105.2807 16.7279 0.2789 180.0000 228.8000 36.9231 7.5000 22.5000
32.7119 105.2634 18.4649 0.2601 180.0000 228.8000 33.8462 7.5000 25.5000
32.7290 105.2455 20.0681 0.2421 180.0000 228.8000 30.7692 7.5000 28.5000
32.7467 105.2271 21.5329 0.2158 180.0000 228.8000 27.6923 7.5000 31.5000
32.7649 105.2081 22.8551 0.1700 180.0000 228.8000 24.6154 7.5000 34.5000
32.7835 105.1886 24.0308 0.0970 180.0000 228.8000 21.5385 7.5000 37.5000
32.5826 105.3556 1.2888 1.3799 118.1323 228.8000 58.4615 10.5000 1.5000
32.5936 105.3441 3.8023 1.2572 118.1463 228.8000 55.3846 10.5000 4.5000
32.6056 105.3316 6.2243 1.0553 120.0346 228.8000 52.3077 10.5000 7.5000
32.6184 105.3182 8.5479 0.8081 125.2633 228.8000 49.2308 10.5000 10.5000
32.6321 105.3040 10.7662 0.5659 136.1725 228.8000 46.1538 10.5000 13.5000
32.6465 105.2890 12.8730 0.3923 154.5050 228.8000 43.0769 10.5000 16.5000
32.6617 105.2732 14.8621 0.3089 173.0707 228.8000 40.0000 10.5000 19.5000
32.6775 105.2566 16.7279 0.2681 180.0000 228.8000 36.9231 10.5000 22.5000
32.6941 105.2393 18.4649 0.2408 180.0000 228.8000 33.8462 10.5000 25.5000
32.7112 105.2215 20.0681 0.2206 180.0000 228.8000 30.7692 10.5000 28.5000
32.7289 105.2030 21.5329 0.1967 180.0000 228.8000 27.6923 10.5000 31.5000
32.7470 105.1840 22.8551 0.1561 180.0000 228.8000 24.6154 10.5000 34.5000
32.7657 105.1645 24.0308 0.0897 180.0000 228.8000 21.5385 10.5000 37.5000
32.5648 105.3315 1.2888 1.2020 125.7076 228.8000 58.4615 13.5000 1.5000
32.5758 105.3200 3.8023 1.1050 125.5029 228.8000 55.3846 13.5000 4.5000
32.5878 105.3075 6.2243 0.9399 126.8384 228.8000 52.3077 13.5000 7.5000
32.6006 105.2942 8.5479 0.7327 131.3300 228.8000 49.2308 13.5000 10.5000
32.6143 105.2800 10.7662 0.5186 141.2235 228.8000 46.1538 13.5000 13.5000
32.6287 105.2649 12.8730 0.3531 157.9705 228.8000 43.0769 13.5000 16.5000
32.6439 105.2491 14.8621 0.2614 175.1114 228.8000 40.0000 13.5000 19.5000
32.6597 105.2325 16.7279 0.2093 180.0000 228.8000 36.9231 13.5000 22.5000
32.6762 105.2153 18.4649 0.1771 180.0000 228.8000 33.8462 13.5000 25.5000
32.6934 105.1974 20.0681 0.1584 180.0000 228.8000 30.7692 13.5000 28.5000
32.7110 105.1789 21.5329 0.1418 180.0000 228.8000 27.6923 13.5000 31.5000
32.7292 105.1599 22.8551 0.1140 180.0000 228.8000 24.6154 13.5000 34.5000
32.7478 105.1404 24.0308 0.0662 180.0000 228.8000 21.5385 13.5000 37.5000
32.5470 105.3075 1.2888 1.1452 138.5788 228.8000 58.4615 16.5000 1.5000
32.5580 105.2959 3.8023 1.0587 136.6371 228.8000 55.3846 16.5000 4.5000
32.5700 105.2835 6.2243 0.9248 133.7825 228.8000 52.3077 16.5000 7.5000
32.5828 105.2701 8.5479 0.7384 133.7825 228.8000 49.2308 16.5000 10.5000
32.5965 105.2559 10.7662 0.5146 138.5857 228.8000 46.1538 16.5000 13.5000
32.6109 105.2408 12.8730 0.3144 150.3316 228.8000 43.0769 16.5000 16.5000
32.6261 105.2250 14.8621 0.1884 168.7764 228.8000 40.0000 16.5000 19.5000
32.6419 105.2085 16.7279 0.1264 180.0000 228.8000 36.9231 16.5000 22.5000
32.6584 105.1912 18.4649 0.0957 180.0000 228.8000 33.8462 16.5000 25.5000
32.6755 105.1733 20.0681 0.0829 180.0000 228.8000 30.7692 16.5000 28.5000
32.6932 105.1548 21.5329 0.0754 180.0000 228.8000 27.6923 16.5000 31.5000
32.7114 105.1358 22.8551 0.0621 180.0000 228.8000 24.6154 16.5000 34.5000
32.7300 105.1163 24.0308 0.0367 180.0000 228.8000 21.5385 16.5000 37.5000
32.5292 105.2834 1.2888 1.3801 146.5548 228.8000 58.4615 19.5000 1.5000
32.5402 105.2719 3.8023 1.2906 141.6591 228.8000 55.3846 19.5000 4.5000
32.5522 105.2594 6.2243 1.1589 134.3023 228.8000 52.3077 19.5000 7.5000
32.5650 105.2461 8.5479 0.9370 129.3367 228.8000 49.2308 19.5000 10.5000
32.5787 105.2318 10.7662 0.6518 127.1098 228.8000 46.1538 19.5000 13.5000
32.5931 105.2168 12.8730 0.3750 127.6697 228.8000 43.0769 19.5000 16.5000
32.6082 105.2010 14.8621 0.1679 133.1765 228.8000 40.0000 19.5000 19.5000
32.6241 105.1844 16.7279 0.0585 152.8344 228.8000 36.9231 19.5000 22.5000
32.6406 105.1671 18.4649 0.0290 180.0000 228.8000 33.8462 19.5000 25.5000
32.6577 105.1493 20.0681 0.0240 180.0000 228.8000 30.7692 19.5000 28.5000
32.6754 105.1308 21.5329 0.0231 180.0000 228.8000 27.6923 19.5000 31.5000
32.6936 105.1118 22.8551 0.0200 180.0000 228.8000 24.6154 19.5000 34.5000
32.7122 105.0923 24.0308 0.0121 180.0000 228.8000 21.5385 19.5000 37.5000
32.5114 105.2594 1.2888 1.9759 145.9355 228.8000 58.4615 22.5000 1.5000
32.5224 105.2478 3.8023 1.8885 140.5484 228.8000 55.3846 22.5000 4.5000
32.5344 105.2354 6.2243 1.6880 132.3301 228.8000 52.3077 22.5000 7.5000
32.5472 105.2220 8.5479 1.3756 124.7814 228.8000 49.2308 22.5000 10.5000
32.5608 105.2078 10.7662 0.9988 118.6408 228.8000 46.1538 22.5000 13.5000
32.5753 105.1927 12.8730 0.6263 113.1603 228.8000 43.0769 22.5000 16.5000
32.5904 105.1769 14.8621 0.3210 106.9530 228.8000 40.0000 22.5000 19.5000
32.6063 105.1604 16.7279 0.1202 98.2518 228.8000 36.9231 22.5000 22.5000
32.6228 105.1431 18.4649 0.0239 90.0000 228.8000 33.8462 22.5000 25.5000
32.6399 105.1252 20.0681 0.0000 90.0000 228.8000 30.7692 22.5000 28.5000
32.6576 105.1067 21.5329 0.0000 180.0000 228.8000 27.6923 22.5000 31.5000
32.6757 105.0877 22.8551 0.0000 90.0000 228.8000 24.6154 22.5000 34.5000
32.6943 105.0682 24.0308 0.0000 90.0000 228.8000 21.5385 22.5000 37.5000
32.4936 105.2353 1.2888 2.7092 148.7067 228.8000 58.4615 25.5000 1.5000
32.5046 105.2238 3.8023 2.5766 141.5155 228.8000 55.3846 25.5000 4.5000
32.5166 105.2113 6.2243 2.3294 131.9735 228.8000 52.3077 25.5000 7.5000
32.5294 105.1980 8.5479 1.9620 123.5000 228.8000 49.2308 25.5000 10.5000
32.5430 105.1838 10.7662 1.5031 116.7563 228.8000 46.1538 25.5000 13.5000
32.5574 105.1687 12.8730 1.0213 111.0619 228.8000 43.0769 25.5000 16.5000
32.5726 105.1529 14.8621 0.5948 105.2693 228.8000 40.0000 25.5000 19.5000
32.5884 105.1363 16.7279 0.2796 98.2467 228.8000 36.9231 25.5000 22.5000
32.6049 105.1191 18.4649 0.0920 90.0000 228.8000 33.8462 25.5000 25.5000
32.6221 105.1012 20.0681 0.0122 90.0000 228.8000 30.7692 25.5000 28.5000
32.6397 105.0827 21.5329 0.0000 90.0000 228.8000 27.6923 25.5000 31.5000
32.6579 105.0637 22.8551 0.0000 0.0000 228.8000 24.6154 25.5000 34.5000
32.6765 105.0442 24.0308 0.0000 90.0000 228.8000 21.5385 25.5000 37.5000
32.4757 105.2113 1.2888 3.1389 147.9445 228.8000 58.4615 28.5000 1.5000
32.4868 105.1998 3.8023 3.0598 141.4498 228.8000 55.3846 28.5000 4.5000
32.4988 105.1873 6.2243 2.8821 132.1306 228.8000 52.3077 28.5000 7.5000
32.5116 105.1740 8.5479 2.5462 124.1940 228.8000 49.2308 28.5000 10.5000
32.5252 105.1597 10.7662 2.0483 118.3729 228.8000 46.1538 28.5000 13.5000
32.5396 105.1447 12.8730 1.4707 113.9239 228.8000 43.0769 28.5000 16.5000
32.5548 105.1289 14.8621 0.9225 109.8731 228.8000 40.0000 28.5000 19.5000
32.5706 105.1123 16.7279 0.4868 105.3072 228.8000 36.9231 28.5000 22.5000
32.5871 105.0950 18.4649 0.1987 99.0312 228.8000 33.8462 28.5000 25.5000
32.6042 105.0771 20.0681 0.0500 90.0000 228.8000 30.7692 28.5000 28.5000
32.6219 105.0587 21.5329 0.0006 90.0000 228.8000 27.6923 28.5000 31.5000
32.6400 105.0396 22.8551 0.0000 0.0000 228.8000 24.6154 28.5000 34.5000
32.6586 105.0201 24.0308 0.0000 0.0000 228.8000 21.5385 28.5000 37.5000
32.4579 105.1873 1.2888 3.3814 143.9913 228.8000 58.4615 31.5000 1.5000
32.4690 105.1758 3.8023 3.3392 139.3562 228.8000 55.3846 31.5000 4.5000
32.4809 105.1633 6.2243 3.2848 131.6135 228.8000 52.3077 31.5000 7.5000
32.4937 105.1499 8.5479 3.0289 125.5068 228.8000 49.2308 31.5000 10.5000
32.5074 105.1357 10.7662 2.5295 121.3790 228.8000 46.1538 31.5000 13.5000
32.5218 105.1207 12.8730 1.8889 118.3991 228.8000 43.0769 31.5000 16.5000
32.5369 105.1048 14.8621 1.2464 115.7344 228.8000 40.0000 31.5000 19.5000
32.5528 105.0883 16.7279 0.7093 112.5819 228.8000 36.9231 31.5000 22.5000
32.5693 105.0710 18.4649 0.3298 107.6083 228.8000 33.8462 31.5000 25.5000
32.5864 105.0531 20.0681 0.1119 98.8450 228.8000 30.7692 31.5000 28.5000
32.6040 105.0346 21.5329 0.0200 90.0000 228.8000 27.6923 31.5000 31.5000
32.6222 105.0156 22.8551 0.0000 90.0000 228.8000 24.6154 31.5000 34.5000
32.6408 104.9961 24.0308 0.0000 0.0000 228.8000 21.5385 31.5000 37.5000
32.4401 105.1633 1.2888 3.4174 144.6130 228.8000 58.4615 34.5000 1.5000
32.4512 105.1518 3.8023 3.5056 136.8956 228.8000 55.3846 34.5000 4.5000
32.4631 105.1393 6.2243 3.5781 130.8690 228.8000 52.3077 34.5000 7.5000
32.4759 105.1259 8.5479 3.3809 127.2874 228.8000 49.2308 34.5000 10.5000
32.4895 105.1117 10.7662 2.8867 125.0758 228.8000 46.1538 34.5000 13.5000
32.5039 105.0967 12.8730 2.2143 123.3913 228.8000 43.0769 34.5000 16.5000
32.5191 105.0808 14.8621 1.5165 121.6204 228.8000 40.0000 34.5000 19.5000
32.5349 105.0643 16.7279 0.9125 119.0877 228.8000 36.9231 34.5000 22.5000
32.5514 105.0470 18.4649 0.4660 114.4665 228.8000 33.8462 34.5000 25.5000
32.5685 105.0291 20.0681 0.1913 105.3985 228.8000 30.7692 34.5000 28.5000
32.5862 105.0106 21.5329 0.0592 90.0000 228.8000 27.6923 34.5000 31.5000
32.6043 104.9916 22.8551 0.0115 90.0000 228.8000 24.6154 34.5000 34.5000
32.6229 104.9721 24.0308 0.0008 90.0000 228.8000 21.5385 34.5000 37.5000
32.4223 105.1393 1.2888 3.3081 139.3899 228.8000 58.4615 37.5000 1.5000
32.4333 105.1278 3.8023 3.6217 134.5975 228.8000 55.3846 37.5000 4.5000
32.4453 105.1153 6.2243 3.7862 131.5943 228.8000 52.3077 37.5000 7.5000
32.4581 105.1020 8.5479 3.6041 130.2275 228.8000 49.2308 37.5000 10.5000
32.4717 105.0877 10.7662 3.1044 129.4388 228.8000 46.1538 37.5000 13.5000
32.4861 105.0727 12.8730 2.4210 128.5915 228.8000 43.0769 37.5000 16.5000
32.5012 105.0568 14.8621 1.7042 127.2272 228.8000 40.0000 37.5000 19.5000
32.5171 105.0403 16.7279 1.0714 124.7241 228.8000 36.9231 37.5000 22.5000
32.5336 105.0230 18.4649 0.5891 119.6989 228.8000 33.8462 37.5000 25.5000
32.5507 105.0051 20.0681 0.2786 109.8324 228.8000 30.7692 37.5000 28.5000
32.5683 104.9866 21.5329 0.1170 94.6620 228.8000 27.6923 37.5000 31.5000
32.5865 104.9676 22.8551 0.0453 90.0000 228.8000 24.6154 37.5000 34.5000
32.6051 104.9481 24.0308 0.0152 90.0000 228.8000 21.5385 37.5000 37.5000
32.4044 105.1153 1.2888 3.5474 134.3590 228.8000 58.4615 40.5000 1.5000
32.4155 105.1038 3.8023 3.8426 134.0075 228.8000 55.3846 40.5000 4.5000
32.4274 105.0913 6.2243 3.9566 134.2179 228.8000 52.3077 40.5000 7.5000
32.4402 105.0780 8.5479 3.7240 134.4629 228.8000 49.2308 40.5000 10.5000
32.4539 105.0637 10.7662 3.1995 134.4498 228.8000 46.1538 40.5000 13.5000
32.4683 105.0487 12.8730 2.5160 133.9311 228.8000 43.0769 40.5000 16.5000
32.4834 105.0328 14.8621 1.8081 132.5573 228.8000 40.0000 40.5000 19.5000
32.4992 105.0163 16.7279 1.1786 129.6592 228.8000 36.9231 40.5000 22.5000
32.5157 104.9990 18.4649 0.6896 123.7252 228.8000 33.8462 40.5000 25.5000
32.5328 104.9811 20.0681 0.3661 112.6178 228.8000 30.7692 40.5000 28.5000
32.5505 104.9626 21.5329 0.1892 97.3701 228.8000 27.6923 40.5000 31.5000
32.5686 104.9436 22.8551 0.0982 90.0000 228.8000 24.6154 40.5000 34.5000
32.5872 104.9241 24.0308 0.0430 90.0000 228.8000 21.5385 40.5000 37.5000
32.3866 105.0914 1.2888 4.0730 134.9702 228.8000 58.4615 43.5000 1.5000
32.3977 105.0798 3.8023 4.2236 136.5322 228.8000 55.3846 43.5000 4.5000
32.4096 105.0674 6.2243 4.1484 138.2784 228.8000 52.3077 43.5000 7.5000
32.4224 105.0540 8.5479 3.7866 139.3997 228.8000 49.2308 43.5000 10.5000
32.4360 105.0398 10.7662 3.2120 139.7670 228.8000 46.1538 43.5000 13.5000
32.4504 105.0247 12.8730 2.5331 139.2995 228.8000 43.0769 43.5000 16.5000
32.4655 105.0089 14.8621 1.8511 137.6775 228.8000 40.0000 43.5000 19.5000
32.4814 104.9923 16.7279 1.2455 134.1343 228.8000 36.9231 43.5000 22.5000
32.4979 104.9750 18.4649 0.7698 127.0154 228.8000 33.8462 43.5000 25.5000
32.5150 104.9571 20.0681 0.4501 114.4577 228.8000 30.7692 43.5000 28.5000
32.5326 104.9387 21.5329 0.2692 98.7096 228.8000 27.6923 43.5000 31.5000
32.5507 104.9196 22.8551 0.1631 90.0000 228.8000 24.6154 43.5000 34.5000
32.5693 104.9001 24.0308 0.0794 90.0000 228.8000 21.5385 43.5000 37.5000
32.3688 105.0674 1.2888 4.8794 137.4803 228.8000 58.4615 46.5000 1.5000
32.3798 105.0559 3.8023 4.7578 139.8750 228.8000 55.3846 46.5000 4.5000
32.3918 105.0434 6.2243 4.3753 142.4067 228.8000 52.3077 46.5000 7.5000
32.4045 105.0300 8.5479 3.8309 144.1206 228.8000 49.2308 46.5000 10.5000
32.4182 105.0158 10.7662 3.1946 144.8235 228.8000 46.1538 46.5000 13.5000
32.4326 105.0007 12.8730 2.5218 144.4160 228.8000 43.0769 46.5000 16.5000
32.4477 104.9849 14.8621 1.8700 142.5258 228.8000 40.0000 46.5000 19.5000
32.4635 104.9683 16.7279 1.2943 138.2780 228.8000 36.9231 46.5000 22.5000
32.4800 104.9511 18.4649 0.8396 129.9637 228.8000 33.8462 46.5000 25.5000
32.4971 104.9332 20.0681 0.5317 116.1663 228.8000 30.7692 46.5000 28.5000
32.5147 104.9147 21.5329 0.3520 99.9699 228.8000 27.6923 46.5000 31.5000
32.5329 104.8957 22.8551 0.2329 90.0001 228.8000 24.6154 46.5000 34.5000
32.5514 104.8761 24.0308 0.1198 90.0000 228.8000 21.5385 46.5000 37.5000
32.3509 105.0434 1.2888 6.0618 139.4975 228.8000 58.4615 49.5000 1.5000
32.3620 105.0319 3.8023 5.3319 142.4787 228.8000 55.3846 49.5000 4.5000
32.3739 105.0194 6.2243 4.5815 145.5568 228.8000 52.3077 49.5000 7.5000
32.3867 105.0061 8.5479 3.8805 147.8086 228.8000 49.2308 49.5000 10.5000
32.4003 104.9918 10.7662 3.1979 148.9851 228.8000 46.1538 49.5000 13.5000
32.4147 104.9768 12.8730 2.5284 148.8173 228.8000 43.0769 49.5000 16.5000
32.4298 104.9609 14.8621 1.8979 146.7798 228.8000 40.0000 49.5000 19.5000
32.4457 104.9444 16.7279 1.3461 141.9258 228.8000 36.9231 49.5000 22.5000
32.4621 104.9271 18.4649 0.9115 132.6907 228.8000 33.8462 49.5000 25.5000
32.4792 104.9092 20.0681 0.6158 118.3454 228.8000 30.7692 49.5000 28.5000
32.4969 104.8907 21.5329 0.4358 102.3889 228.8000 27.6923 49.5000 31.5000
32.5150 104.8717 22.8551 0.3025 91.6422 228.8000 24.6154 49.5000 34.5000
32.5336 104.8522 24.0308 0.1601 90.0000 228.8000 21.5385 49.5000 37.5000
32.3331 105.0195 1.2888 6.0931 143.0369 228.8000 58.4615 52.5000 1.5000
32.3441 105.0080 3.8023 5.4761 144.7565 228.8000 55.3846 52.5000 4.5000
32.3560 104.9955 6.2243 4.7039 147.4095 228.8000 52.3077 52.5000 7.5000
32.3688 104.9821 8.5479 3.9575 150.0492 228.8000 49.2308 52.5000 10.5000
32.3824 104.9679 10.7662 3.2479 151.8162 228.8000 46.1538 52.5000 13.5000
32.3968 104.9528 12.8730 2.5710 151.9942 228.8000 43.0769 52.5000 16.5000
32.4120 104.9370 14.8621 1.9472 149.8811 228.8000 40.0000 52.5000 19.5000
32.4278 104.9204 16.7279 1.4109 144.5863 228.8000 36.9231 52.5000 22.5000
32.4443 104.9032 18.4649 0.9938 134.9574 228.8000 33.8462 52.5000 25.5000
32.4613 104.8853 20.0681 0.7082 121.1354 228.8000 30.7692 52.5000 28.5000
32.4790 104.8668 21.5329 0.5222 106.5605 228.8000 27.6923 52.5000 31.5000
32.4971 104.8477 22.8551 0.3691 95.8683 228.8000 24.6154 52.5000 34.5000
32.5157 104.8282 24.0308 0.1977 90.6057 228.8000 21.5385 52.5000 37.5000
32.3152 104.9956 1.2888 5.6582 143.9138 228.8000 58.4615 55.5000 1.5000
32.3263 104.9840 3.8023 5.3040 145.4762 228.8000 55.3846 55.5000 4.5000
32.3382 104.9716 6.2243 4.7200 148.2487 228.8000 52.3077 55.5000 7.5000
32.3510 104.9582 8.5479 4.0313 151.2218 228.8000 49.2308 55.5000 10.5000
32.3646 104.9439 10.7662 3.3174 153.2864 228.8000 46.1538 55.5000 13.5000
32.3790 104.9289 12.8730 2.6277 153.5239 228.8000 43.0769 55.5000 16.5000
32.3941 104.9131 14.8621 2.0046 151.2035 228.8000 40.0000 55.5000 19.5000
32.4099 104.8965 16.7279 1.4842 145.6605 228.8000 36.9231 55.5000 22.5000
32.4264 104.8792 18.4649 1.0881 136.3647 228.8000 33.8462 55.5000 25.5000
32.4435 104.8613 20.0681 0.8122 124.2484 228.8000 30.7692 55.5000 28.5000
32.4611 104.8428 21.5329 0.6150 112.2383 228.8000 27.6923 55.5000 31.5000
32.4792 104.8238 22.8551 0.4358 103.1707 228.8000 24.6154 55.5000 34.5000
32.4978 104.8043 24.0308 0.2325 97.8585 228.8000 21.5385 55.5000 37.5000
32.2974 104.9716 1.2888 5.3321 143.7082 228.8000 58.4615 58.5000 1.5000
32.3084 104.9601 3.8023 5.1289 145.7169 228.8000 55.3846 58.5000 4.5000
32.3203 104.9476 6.2243 4.6774 148.8123 228.8000 52.3077 58.5000 7.5000
32.3331 104.9343 8.5479 4.0483 151.6676 228.8000 49.2308 58.5000 10.5000
32.3467 104.9200 10.7662 3.3422 153.2921 228.8000 46.1538 58.5000 13.5000
32.3611 104.9050 12.8730 2.6508 152.9792 228.8000 43.0769 58.5000 16.5000
32.3762 104.8891 14.8621 2.0421 150.2280 228.8000 40.0000 58.5000 19.5000
32.3920 104.8725 16.7279 1.5529 144.7762 228.8000 36.9231 58.5000 22.5000
32.4085 104.8553 18.4649 1.1887 136.7173 228.8000 33.8462 58.5000 25.5000
32.4256 104.8374 20.0681 0.9259 127.3276 228.8000 30.7692 58.5000 28.5000
32.4432 104.8189 21.5329 0.7167 118.6654 228.8000 27.6923 58.5000 31.5000
32.4613 104.7999 22.8551 0.5088 112.2270 228.8000 24.6154 58.5000 34.5000
32.4799 104.7803 24.0308 0.2702 108.4056 228.8000 21.5385 58.5000 37.5000
32.2795 104.9477 1.2888 5.1621 143.6082 228.8000 58.4615 61.5000 1.5000
32.2905 104.9362 3.8023 4.9920 146.5122 228.8000 55.3846 61.5000 4.5000
32.3025 104.9237 6.2243 4.5774 149.2095 228.8000 52.3077 61.5000 7.5000
32.3152 104.9103 8.5479 3.9662 150.8822 228.8000 49.2308 61.5000 10.5000
32.3288 104.8961 10.7662 3.2710 151.1486 228.8000 46.1538 61.5000 13.5000
32.3432 104.8810 12.8730 2.6042 149.7646 228.8000 43.0769 61.5000 16.5000
32.3583 104.8652 14.8621 2.0402 146.6635 228.8000 40.0000 61.5000 19.5000
32.3742 104.8486 16.7279 1.6045 142.0372 228.8000 36.9231 61.5000 22.5000
32.3906 104.8314 18.4649 1.2833 136.2315 228.8000 33.8462 61.5000 25.5000
32.4077 104.8135 20.0681 1.0391 130.1865 228.8000 30.7692 61.5000 28.5000
32.4253 104.7950 21.5329 0.8226 124.9654 228.8000 27.6923 61.5000 31.5000
32.4434 104.7759 22.8551 0.5891 121.1972 228.8000 24.6154 61.5000 34.5000
32.4620 104.7564 24.0308 0.3136 119.0082 228.8000 21.5385 61.5000 37.5000
32.2616 104.9238 1.2888 5.1751 146.0474 228.8000 58.4615 64.5000 1.5000
32.2727 104.9123 3.8023 4.9199 147.3601 228.8000 55.3846 64.5000 4.5000
32.2846 104.8998 6.2243 4.4302 148.0010 228.8000 52.3077 64.5000 7.5000
32.2974 104.8864 8.5479 3.7879 147.3916 228.8000 49.2308 64.5000 10.5000
32.3110 104.8722 10.7662 3.1106 145.7128 228.8000 46.1538 64.5000 13.5000
32.3253 104.8571 12.8730 2.4979 143.3560 228.8000 43.0769 64.5000 16.5000
32.3405 104.8413 14.8621 2.0020 140.7291 228.8000 40.0000 64.5000 19.5000
32.3563 104.8247 16.7279 1.6292 138.1311 228.8000 36.9231 64.5000 22.5000
32.3727 104.8074 18.4649 1.3540 135.4613 228.8000 33.8462 64.5000 25.5000
32.3898 104.7895 20.0681 1.1333 132.8419 228.8000 30.7692 64.5000 28.5000
32.4074 104.7710 21.5329 0.9184 130.5539 228.8000 27.6923 64.5000 31.5000
32.4255 104.7520 22.8551 0.6674 128.8477 228.8000 24.6154 64.5000 34.5000
32.4441 104.7325 24.0308 0.3581 127.8359 228.8000 21.5385 64.5000 37.5000
32.2438 104.8999 1.2888 5.2985 147.2737 228.8000 58.4615 67.5000 1.5000
32.2548 104.8884 3.8023 4.9017 146.3220 228.8000 55.3846 67.5000 4.5000
32.2667 104.8759 6.2243 4.2750 143.6407 228.8000 52.3077 67.5000 7.5000
32.2795 104.8625 8.5479 3.5866 139.9198 228.8000 49.2308 67.5000 10.5000
32.2931 104.8483 10.7662 2.9384 136.4688 228.8000 46.1538 67.5000 13.5000
32.3075 104.8332 12.8730 2.3806 134.2447 228.8000 43.0769 67.5000 16.5000
32.3226 104.8174 14.8621 1.9379 133.5883 228.8000 40.0000 67.5000 19.5000
32.3384 104.8008 16.7279 1.6117 134.2033 228.8000 36.9231 67.5000 22.5000
32.3548 104.7835 18.4649 1.3761 135.0380 228.8000 33.8462 67.5000 25.5000
32.3719 104.7656 20.0681 1.1837 135.3960 228.8000 30.7692 67.5000 28.5000
32.3895 104.7471 21.5329 0.9811 135.2036 228.8000 27.6923 67.5000 31.5000
32.4076 104.7281 22.8551 0.7244 134.7594 228.8000 24.6154 67.5000 34.5000
32.4262 104.7086 24.0308 0.3925 134.3790 228.8000 21.5385 67.5000 37.5000
32.2259 104.8760 1.2888 5.4704 146.8454 228.8000 58.4615 70.5000 1.5000
32.2369 104.8645 3.8023 4.8930 142.7306 228.8000 55.3846 70.5000 4.5000
32.2488 104.8520 6.2243 4.1524 135.6965 228.8000 52.3077 70.5000 7.5000
32.2616 104.8386 8.5479 3.4571 129.1464 228.8000 49.2308 70.5000 10.5000
32.2752 104.8244 10.7662 2.8213 125.3312 228.8000 46.1538 70.5000 13.5000
32.2896 104.8093 12.8730 2.2644 124.7861 228.8000 43.0769 70.5000 16.5000
32.3047 104.7935 14.8621 1.8266 127.1742 228.8000 40.0000 70.5000 19.5000
32.3205 104.7769 16.7279 1.5221 131.3893 228.8000 36.9231 70.5000 22.5000
32.3369 104.7596 18.4649 1.3206 135.3920 228.8000 33.8462 70.5000 25.5000
32.3540 104.7417 20.0681 1.1614 137.9014 228.8000 30.7692 70.5000 28.5000
32.3716 104.7232 21.5329 0.9822 138.8957 228.8000 27.6923 70.5000 31.5000
32.3897 104.7042 22.8551 0.7359 138.9975 228.8000 24.6154 70.5000 34.5000
32.4083 104.6847 24.0308 0.4024 138.8125 228.8000 21.5385 70.5000 37.5000
32.2080 104.8521 1.2888 5.4860 145.3896 228.8000 58.4615 73.5000 1.5000
32.2190 104.8406 3.8023 4.7450 136.5456 228.8000 55.3846 73.5000 4.5000
32.2309 104.8281 6.2243 4.0301 125.7734 228.8000 52.3077 73.5000 7.5000
32.2437 104.8148 8.5479 3.3442 118.6925 228.8000 49.2308 73.5000 10.5000
32.2573 104.8005 10.7662 2.6580 116.1514 228.8000 46.1538 73.5000 13.5000
32.2717 104.7854 12.8730 2.0538 117.7692 228.8000 43.0769 73.5000 16.5000
32.2868 104.7696 14.8621 1.6052 123.0157 228.8000 40.0000 73.5000 19.5000
32.3026 104.7530 16.7279 1.3235 130.2850 228.8000 36.9231 73.5000 22.5000
32.3190 104.7358 18.4649 1.1602 136.5948 228.8000 33.8462 73.5000 25.5000
32.3361 104.7178 20.0681 1.0390 140.2943 228.8000 30.7692 73.5000 28.5000
32.3537 104.6994 21.5329 0.8932 141.6845 228.8000 27.6923 73.5000 31.5000
32.3718 104.6803 22.8551 0.6778 141.8005 228.8000 24.6154 73.5000 34.5000
32.3904 104.6608 24.0308 0.3739 141.5104 228.8000 21.5385 73.5000 37.5000
32.1901 104.8283 1.2888 4.9525 142.8422 228.8000 58.4615 76.5000 1.5000
32.2011 104.8167 3.8023 4.2736 128.5458 228.8000 55.3846 76.5000 4.5000
32.2130 104.8043 6.2243 3.6336 117.6947 228.8000 52.3077 76.5000 7.5000
32.2258 104.7909 8.5479 2.9057 112.1611 228.8000 49.2308 76.5000 10.5000
32.2394 104.7766 10.7662 2.1919 111.0269 228.8000 46.1538 76.5000 13.5000
32.2538 104.7616 12.8730 1.6116 114.1517 228.8000 43.0769 76.5000 16.5000
32.2689 104.7457 14.8621 1.2167 121.3953 228.8000 40.0000 76.5000 19.5000
32.2847 104.7292 16.7279 0.9928 130.7637 228.8000 36.9231 76.5000 22.5000
32.3011 104.7119 18.4649 0.8783 138.3595 228.8000 33.8462 76.5000 25.5000
32.3182 104.6940 20.0681 0.7976 142.4041 228.8000 30.7692 76.5000 28.5000
32.3358 104.6755 21.5329 0.6943 143.6343 228.8000 27.6923 76.5000 31.5000
32.3539 104.6564 22.8551 0.5326 143.4338 228.8000 24.6154 76.5000 34.5000
32.3724 104.6369 24.0308 0.2966 142.8473 228.8000 21.5385 76.5000 37.5000
32.1722 104.8044 1.2888 3.0005 138.6299 228.8000 58.4615 79.5000 1.5000
32.1832 104.7929 3.8023 2.8289 124.5793 228.8000 55.3846 79.5000 4.5000
32.1952 104.7804 6.2243 2.3385 114.9530 228.8000 52.3077 79.5000 7.5000
32.2079 104.7670 8.5479 1.7657 109.9761 228.8000 49.2308 79.5000 10.5000
32.2215 104.7528 10.7662 1.2654 109.2878 228.8000 46.1538 79.5000 13.5000
32.2359 104.7377 12.8730 0.8949 113.1532 228.8000 43.0769 79.5000 16.5000
32.2510 104.7219 14.8621 0.6606 121.5759 228.8000 40.0000 79.5000 19.5000
32.2668 104.7053 16.7279 0.5371 132.1073 228.8000 36.9231 79.5000 22.5000
32.2832 104.6880 18.4649 0.4790 140.1248 228.8000 33.8462 79.5000 25.5000
32.3003 104.6701 20.0681 0.4391 143.9819 228.8000 30.7692 79.5000 28.5000
32.3179 104.6516 21.5329 0.3855 144.7982 228.8000 27.6923 79.5000 31.5000
32.3360 104.6326 22.8551 0.2984 144.1594 228.8000 24.6154 79.5000 34.5000
32.3545 104.6130 24.0308 0.1680 143.1835 228.8000 21.5385 79.5000 37.5000
